<html>
<head>
<title>TestNG:  Default test</title>
<link href="../testng.css" rel="stylesheet" type="text/css" />
<link href="../my-testng.css" rel="stylesheet" type="text/css" />

<style type="text/css">
.log { display: none;} 
.stack-trace { display: none;} 
</style>
<script type="text/javascript">
<!--
function flip(e) {
  current = e.style.display;
  if (current == 'block') {
    e.style.display = 'none';
    return 0;
  }
  else {
    e.style.display = 'block';
    return 1;
  }
}

function toggleBox(szDivId, elem, msg1, msg2)
{
  var res = -1;  if (document.getElementById) {
    res = flip(document.getElementById(szDivId));
  }
  else if (document.all) {
    // this is the way old msie versions work
    res = flip(document.all[szDivId]);
  }
  if(elem) {
    if(res == 0) elem.innerHTML = msg1; else elem.innerHTML = msg2;
  }

}

function toggleAllBoxes() {
  if (document.getElementsByTagName) {
    d = document.getElementsByTagName('div');
    for (i = 0; i < d.length; i++) {
      if (d[i].className == 'log') {
        flip(d[i]);
      }
    }
  }
}

// -->
</script>

</head>
<body>
<h2 align='center'>Default test</h2><table border='1' align="center">
<tr>
<td>Tests passed/Failed/Skipped:</td><td>32/12/0</td>
</tr><tr>
<td>Started on:</td><td>Fri Jan 21 00:30:55 AST 2022</td>
</tr>
<tr><td>Total time:</td><td>495 seconds (495241 ms)</td>
</tr><tr>
<td>Included groups:</td><td></td>
</tr><tr>
<td>Excluded groups:</td><td></td>
</tr>
</table><p/>
<small><i>(Hover the method name to see the test class name)</i></small><p/>
<table width='100%' border='1' class='invocation-failed'>
<tr><td colspan='4' align='center'><b>FAILED TESTS</b></td></tr>
<tr><td><b>Test method</b></td>
<td width="30%"><b>Exception</b></td>
<td width="10%"><b>Time (seconds)</b></td>
<td><b>Instance</b></td>
</tr>
<tr>
<td title='automation.GeneralTest.eighthInvalidEmailTest()'><b>eighthInvalidEmailTest</b><br>Test class: automation.GeneralTest<br/>
<a href="#Output-537265886" onClick='toggleBox("Output-537265886", this, "Show output", "Hide output");'>Show output</a>

<a href="#Output-537265886" onClick="toggleAllBoxes();">Show all outputs</a>
<div class='log' id="Output-537265886">
Test has started. 
<br/>
Test is failed. The form was submitted, but it shouldn't be submitted Email:&lt;email@domain.com&gt;<br/>
Test has failed.
<br/>
</div>
</td>
<td><div><pre>java.lang.AssertionError: Test is failed. The form was submitted, but it shouldn&apos;t be submitted. Email:&lt;email@domain.com&gt;
	at org.testng.Assert.fail(Assert.java:93)
	at automation.GeneralTest.assertAndLogForInvalidInput(GeneralTest.java:622)
	at automation.GeneralTest.eighthInvalidEmailTest(GeneralTest.java:501)
	at sun.reflect.NativeMethodAccessorImpl.invoke0(Native Method)
	at sun.reflect.NativeMethodAccessorImpl.invoke(NativeMethodAccessorImpl.java:62)
	at sun.reflect.DelegatingMethodAccessorImpl.invoke(DelegatingMethodAccessorImpl.java:43)
	at java.lang.reflect.Method.invoke(Method.java:498)
	at org.testng.internal.MethodInvocationHelper.invokeMethod(MethodInvocationHelper.java:108)
	at org.testng.internal.Invoker.invokeMethod(Invoker.java:661)
	at org.testng.internal.Invoker.invokeTestMethod(Invoker.java:869)
	at org.testng.internal.Invoker.invokeTestMethods(Invoker.java:1193)
	at org.testng.internal.TestMethodWorker.invokeTestMethods(TestMethodWorker.java:126)
	at org.testng.internal.TestMethodWorker.run(TestMethodWorker.java:109)
	at org.testng.TestRunner.privateRun(TestRunner.java:744)
	at org.testng.TestRunner.run(TestRunner.java:602)
	at org.testng.SuiteRunner.runTest(SuiteRunner.java:380)
	at org.testng.SuiteRunner.runSequentially(SuiteRunner.java:375)
	at org.testng.SuiteRunner.privateRun(SuiteRunner.java:340)
	at org.testng.SuiteRunner.run(SuiteRunner.java:289)
	at org.testng.SuiteRunnerWorker.runSuite(SuiteRunnerWorker.java:52)
	at org.testng.SuiteRunnerWorker.run(SuiteRunnerWorker.java:86)
	at org.testng.TestNG.runSuitesSequentially(TestNG.java:1301)
	at org.testng.TestNG.runSuitesLocally(TestNG.java:1226)
	at org.testng.TestNG.runSuites(TestNG.java:1144)
	at org.testng.TestNG.run(TestNG.java:1115)
	at org.testng.remote.AbstractRemoteTestNG.run(AbstractRemoteTestNG.java:132)
	at org.testng.remote.RemoteTestNG.initAndRun(RemoteTestNG.java:230)
	at org.testng.remote.RemoteTestNG.main(RemoteTestNG.java:76)
</pre></div><a href='#' onClick='toggleBox("stack-trace537265886", this, "Click to show all stack frames", "Click to hide stack frames")'>Click to show all stack frames</a>
<div class='stack-trace' id='stack-trace537265886'><pre>java.lang.AssertionError: Test is failed. The form was submitted, but it shouldn&apos;t be submitted. Email:&lt;email@domain.com&gt;
	at org.testng.Assert.fail(Assert.java:93)
	at automation.GeneralTest.assertAndLogForInvalidInput(GeneralTest.java:622)
	at automation.GeneralTest.eighthInvalidEmailTest(GeneralTest.java:501)
	at sun.reflect.NativeMethodAccessorImpl.invoke0(Native Method)
	at sun.reflect.NativeMethodAccessorImpl.invoke(NativeMethodAccessorImpl.java:62)
	at sun.reflect.DelegatingMethodAccessorImpl.invoke(DelegatingMethodAccessorImpl.java:43)
	at java.lang.reflect.Method.invoke(Method.java:498)
	at org.testng.internal.MethodInvocationHelper.invokeMethod(MethodInvocationHelper.java:108)
	at org.testng.internal.Invoker.invokeMethod(Invoker.java:661)
	at org.testng.internal.Invoker.invokeTestMethod(Invoker.java:869)
	at org.testng.internal.Invoker.invokeTestMethods(Invoker.java:1193)
	at org.testng.internal.TestMethodWorker.invokeTestMethods(TestMethodWorker.java:126)
	at org.testng.internal.TestMethodWorker.run(TestMethodWorker.java:109)
	at org.testng.TestRunner.privateRun(TestRunner.java:744)
	at org.testng.TestRunner.run(TestRunner.java:602)
	at org.testng.SuiteRunner.runTest(SuiteRunner.java:380)
	at org.testng.SuiteRunner.runSequentially(SuiteRunner.java:375)
	at org.testng.SuiteRunner.privateRun(SuiteRunner.java:340)
	at org.testng.SuiteRunner.run(SuiteRunner.java:289)
	at org.testng.SuiteRunnerWorker.runSuite(SuiteRunnerWorker.java:52)
	at org.testng.SuiteRunnerWorker.run(SuiteRunnerWorker.java:86)
	at org.testng.TestNG.runSuitesSequentially(TestNG.java:1301)
	at org.testng.TestNG.runSuitesLocally(TestNG.java:1226)
	at org.testng.TestNG.runSuites(TestNG.java:1144)
	at org.testng.TestNG.run(TestNG.java:1115)
	at org.testng.remote.AbstractRemoteTestNG.run(AbstractRemoteTestNG.java:132)
	at org.testng.remote.RemoteTestNG.initAndRun(RemoteTestNG.java:230)
	at org.testng.remote.RemoteTestNG.main(RemoteTestNG.java:76)
</pre></div></td>
<td>9</td>
<td>automation.GeneralTest@5025a98f</td></tr>
<tr>
<td title='automation.GeneralTest.enegativeTestWithSpacesInName()'><b>enegativeTestWithSpacesInName</b><br>Test class: automation.GeneralTest<br/>
<a href="#Output-1399398408" onClick='toggleBox("Output-1399398408", this, "Show output", "Hide output");'>Show output</a>

<a href="#Output-1399398408" onClick="toggleAllBoxes();">Show all outputs</a>
<div class='log' id="Output-1399398408">
Test has started. 
<br/>
Test is failed. The form was submitted, but it shouldn't be submitted Name only contains spaces<br/>
Test has failed.
<br/>
</div>
</td>
<td><div><pre>java.lang.AssertionError: Test is failed. The form was submitted, but it shouldn&apos;t be submitted. Name only contains spaces
	at org.testng.Assert.fail(Assert.java:93)
	at automation.GeneralTest.assertAndLogForInvalidInput(GeneralTest.java:622)
	at automation.GeneralTest.enegativeTestWithSpacesInName(GeneralTest.java:223)
	at sun.reflect.NativeMethodAccessorImpl.invoke0(Native Method)
	at sun.reflect.NativeMethodAccessorImpl.invoke(NativeMethodAccessorImpl.java:62)
	at sun.reflect.DelegatingMethodAccessorImpl.invoke(DelegatingMethodAccessorImpl.java:43)
	at java.lang.reflect.Method.invoke(Method.java:498)
	at org.testng.internal.MethodInvocationHelper.invokeMethod(MethodInvocationHelper.java:108)
	at org.testng.internal.Invoker.invokeMethod(Invoker.java:661)
	at org.testng.internal.Invoker.invokeTestMethod(Invoker.java:869)
	at org.testng.internal.Invoker.invokeTestMethods(Invoker.java:1193)
	at org.testng.internal.TestMethodWorker.invokeTestMethods(TestMethodWorker.java:126)
	at org.testng.internal.TestMethodWorker.run(TestMethodWorker.java:109)
	at org.testng.TestRunner.privateRun(TestRunner.java:744)
	at org.testng.TestRunner.run(TestRunner.java:602)
	at org.testng.SuiteRunner.runTest(SuiteRunner.java:380)
	at org.testng.SuiteRunner.runSequentially(SuiteRunner.java:375)
	at org.testng.SuiteRunner.privateRun(SuiteRunner.java:340)
	at org.testng.SuiteRunner.run(SuiteRunner.java:289)
	at org.testng.SuiteRunnerWorker.runSuite(SuiteRunnerWorker.java:52)
	at org.testng.SuiteRunnerWorker.run(SuiteRunnerWorker.java:86)
	at org.testng.TestNG.runSuitesSequentially(TestNG.java:1301)
	at org.testng.TestNG.runSuitesLocally(TestNG.java:1226)
	at org.testng.TestNG.runSuites(TestNG.java:1144)
	at org.testng.TestNG.run(TestNG.java:1115)
	at org.testng.remote.AbstractRemoteTestNG.run(AbstractRemoteTestNG.java:132)
	at org.testng.remote.RemoteTestNG.initAndRun(RemoteTestNG.java:230)
	at org.testng.remote.RemoteTestNG.main(RemoteTestNG.java:76)
</pre></div><a href='#' onClick='toggleBox("stack-trace1399398408", this, "Click to show all stack frames", "Click to hide stack frames")'>Click to show all stack frames</a>
<div class='stack-trace' id='stack-trace1399398408'><pre>java.lang.AssertionError: Test is failed. The form was submitted, but it shouldn&apos;t be submitted. Name only contains spaces
	at org.testng.Assert.fail(Assert.java:93)
	at automation.GeneralTest.assertAndLogForInvalidInput(GeneralTest.java:622)
	at automation.GeneralTest.enegativeTestWithSpacesInName(GeneralTest.java:223)
	at sun.reflect.NativeMethodAccessorImpl.invoke0(Native Method)
	at sun.reflect.NativeMethodAccessorImpl.invoke(NativeMethodAccessorImpl.java:62)
	at sun.reflect.DelegatingMethodAccessorImpl.invoke(DelegatingMethodAccessorImpl.java:43)
	at java.lang.reflect.Method.invoke(Method.java:498)
	at org.testng.internal.MethodInvocationHelper.invokeMethod(MethodInvocationHelper.java:108)
	at org.testng.internal.Invoker.invokeMethod(Invoker.java:661)
	at org.testng.internal.Invoker.invokeTestMethod(Invoker.java:869)
	at org.testng.internal.Invoker.invokeTestMethods(Invoker.java:1193)
	at org.testng.internal.TestMethodWorker.invokeTestMethods(TestMethodWorker.java:126)
	at org.testng.internal.TestMethodWorker.run(TestMethodWorker.java:109)
	at org.testng.TestRunner.privateRun(TestRunner.java:744)
	at org.testng.TestRunner.run(TestRunner.java:602)
	at org.testng.SuiteRunner.runTest(SuiteRunner.java:380)
	at org.testng.SuiteRunner.runSequentially(SuiteRunner.java:375)
	at org.testng.SuiteRunner.privateRun(SuiteRunner.java:340)
	at org.testng.SuiteRunner.run(SuiteRunner.java:289)
	at org.testng.SuiteRunnerWorker.runSuite(SuiteRunnerWorker.java:52)
	at org.testng.SuiteRunnerWorker.run(SuiteRunnerWorker.java:86)
	at org.testng.TestNG.runSuitesSequentially(TestNG.java:1301)
	at org.testng.TestNG.runSuitesLocally(TestNG.java:1226)
	at org.testng.TestNG.runSuites(TestNG.java:1144)
	at org.testng.TestNG.run(TestNG.java:1115)
	at org.testng.remote.AbstractRemoteTestNG.run(AbstractRemoteTestNG.java:132)
	at org.testng.remote.RemoteTestNG.initAndRun(RemoteTestNG.java:230)
	at org.testng.remote.RemoteTestNG.main(RemoteTestNG.java:76)
</pre></div></td>
<td>9</td>
<td>automation.GeneralTest@5025a98f</td></tr>
<tr>
<td title='automation.GeneralTest.firstInvalidphoneTest()'><b>firstInvalidphoneTest</b><br>Test class: automation.GeneralTest<br/>
<a href="#Output-542895457" onClick='toggleBox("Output-542895457", this, "Show output", "Hide output");'>Show output</a>

<a href="#Output-542895457" onClick="toggleAllBoxes();">Show all outputs</a>
<div class='log' id="Output-542895457">
Test has started. 
<br/>
Test is failed. The form was submitted, but it shouldn't be submitted Phone:+905552+133<br/>
Test has failed.
<br/>
</div>
</td>
<td><div><pre>java.lang.AssertionError: Test is failed. The form was submitted, but it shouldn&apos;t be submitted. Phone:+905552+133
	at org.testng.Assert.fail(Assert.java:93)
	at automation.GeneralTest.assertAndLogForInvalidInput(GeneralTest.java:622)
	at automation.GeneralTest.firstInvalidphoneTest(GeneralTest.java:956)
	at sun.reflect.NativeMethodAccessorImpl.invoke0(Native Method)
	at sun.reflect.NativeMethodAccessorImpl.invoke(NativeMethodAccessorImpl.java:62)
	at sun.reflect.DelegatingMethodAccessorImpl.invoke(DelegatingMethodAccessorImpl.java:43)
	at java.lang.reflect.Method.invoke(Method.java:498)
	at org.testng.internal.MethodInvocationHelper.invokeMethod(MethodInvocationHelper.java:108)
	at org.testng.internal.Invoker.invokeMethod(Invoker.java:661)
	at org.testng.internal.Invoker.invokeTestMethod(Invoker.java:869)
	at org.testng.internal.Invoker.invokeTestMethods(Invoker.java:1193)
	at org.testng.internal.TestMethodWorker.invokeTestMethods(TestMethodWorker.java:126)
	at org.testng.internal.TestMethodWorker.run(TestMethodWorker.java:109)
	at org.testng.TestRunner.privateRun(TestRunner.java:744)
	at org.testng.TestRunner.run(TestRunner.java:602)
	at org.testng.SuiteRunner.runTest(SuiteRunner.java:380)
	at org.testng.SuiteRunner.runSequentially(SuiteRunner.java:375)
	at org.testng.SuiteRunner.privateRun(SuiteRunner.java:340)
	at org.testng.SuiteRunner.run(SuiteRunner.java:289)
	at org.testng.SuiteRunnerWorker.runSuite(SuiteRunnerWorker.java:52)
	at org.testng.SuiteRunnerWorker.run(SuiteRunnerWorker.java:86)
	at org.testng.TestNG.runSuitesSequentially(TestNG.java:1301)
	at org.testng.TestNG.runSuitesLocally(TestNG.java:1226)
	at org.testng.TestNG.runSuites(TestNG.java:1144)
	at org.testng.TestNG.run(TestNG.java:1115)
	at org.testng.remote.AbstractRemoteTestNG.run(AbstractRemoteTestNG.java:132)
	at org.testng.remote.RemoteTestNG.initAndRun(RemoteTestNG.java:230)
	at org.testng.remote.RemoteTestNG.main(RemoteTestNG.java:76)
</pre></div><a href='#' onClick='toggleBox("stack-trace542895457", this, "Click to show all stack frames", "Click to hide stack frames")'>Click to show all stack frames</a>
<div class='stack-trace' id='stack-trace542895457'><pre>java.lang.AssertionError: Test is failed. The form was submitted, but it shouldn&apos;t be submitted. Phone:+905552+133
	at org.testng.Assert.fail(Assert.java:93)
	at automation.GeneralTest.assertAndLogForInvalidInput(GeneralTest.java:622)
	at automation.GeneralTest.firstInvalidphoneTest(GeneralTest.java:956)
	at sun.reflect.NativeMethodAccessorImpl.invoke0(Native Method)
	at sun.reflect.NativeMethodAccessorImpl.invoke(NativeMethodAccessorImpl.java:62)
	at sun.reflect.DelegatingMethodAccessorImpl.invoke(DelegatingMethodAccessorImpl.java:43)
	at java.lang.reflect.Method.invoke(Method.java:498)
	at org.testng.internal.MethodInvocationHelper.invokeMethod(MethodInvocationHelper.java:108)
	at org.testng.internal.Invoker.invokeMethod(Invoker.java:661)
	at org.testng.internal.Invoker.invokeTestMethod(Invoker.java:869)
	at org.testng.internal.Invoker.invokeTestMethods(Invoker.java:1193)
	at org.testng.internal.TestMethodWorker.invokeTestMethods(TestMethodWorker.java:126)
	at org.testng.internal.TestMethodWorker.run(TestMethodWorker.java:109)
	at org.testng.TestRunner.privateRun(TestRunner.java:744)
	at org.testng.TestRunner.run(TestRunner.java:602)
	at org.testng.SuiteRunner.runTest(SuiteRunner.java:380)
	at org.testng.SuiteRunner.runSequentially(SuiteRunner.java:375)
	at org.testng.SuiteRunner.privateRun(SuiteRunner.java:340)
	at org.testng.SuiteRunner.run(SuiteRunner.java:289)
	at org.testng.SuiteRunnerWorker.runSuite(SuiteRunnerWorker.java:52)
	at org.testng.SuiteRunnerWorker.run(SuiteRunnerWorker.java:86)
	at org.testng.TestNG.runSuitesSequentially(TestNG.java:1301)
	at org.testng.TestNG.runSuitesLocally(TestNG.java:1226)
	at org.testng.TestNG.runSuites(TestNG.java:1144)
	at org.testng.TestNG.run(TestNG.java:1115)
	at org.testng.remote.AbstractRemoteTestNG.run(AbstractRemoteTestNG.java:132)
	at org.testng.remote.RemoteTestNG.initAndRun(RemoteTestNG.java:230)
	at org.testng.remote.RemoteTestNG.main(RemoteTestNG.java:76)
</pre></div></td>
<td>9</td>
<td>automation.GeneralTest@5025a98f</td></tr>
<tr>
<td title='automation.GeneralTest.fnegativeTestWithSpacesInAddress()'><b>fnegativeTestWithSpacesInAddress</b><br>Test class: automation.GeneralTest<br/>
<a href="#Output-1156729376" onClick='toggleBox("Output-1156729376", this, "Show output", "Hide output");'>Show output</a>

<a href="#Output-1156729376" onClick="toggleAllBoxes();">Show all outputs</a>
<div class='log' id="Output-1156729376">
Test has started. 
<br/>
Test is failed. The form was submitted, but it shouldn't be submitted Address only contains spaces<br/>
Test has failed.
<br/>
</div>
</td>
<td><div><pre>java.lang.AssertionError: Test is failed. The form was submitted, but it shouldn&apos;t be submitted. Address only contains spaces
	at org.testng.Assert.fail(Assert.java:93)
	at automation.GeneralTest.assertAndLogForInvalidInput(GeneralTest.java:622)
	at automation.GeneralTest.fnegativeTestWithSpacesInAddress(GeneralTest.java:241)
	at sun.reflect.NativeMethodAccessorImpl.invoke0(Native Method)
	at sun.reflect.NativeMethodAccessorImpl.invoke(NativeMethodAccessorImpl.java:62)
	at sun.reflect.DelegatingMethodAccessorImpl.invoke(DelegatingMethodAccessorImpl.java:43)
	at java.lang.reflect.Method.invoke(Method.java:498)
	at org.testng.internal.MethodInvocationHelper.invokeMethod(MethodInvocationHelper.java:108)
	at org.testng.internal.Invoker.invokeMethod(Invoker.java:661)
	at org.testng.internal.Invoker.invokeTestMethod(Invoker.java:869)
	at org.testng.internal.Invoker.invokeTestMethods(Invoker.java:1193)
	at org.testng.internal.TestMethodWorker.invokeTestMethods(TestMethodWorker.java:126)
	at org.testng.internal.TestMethodWorker.run(TestMethodWorker.java:109)
	at org.testng.TestRunner.privateRun(TestRunner.java:744)
	at org.testng.TestRunner.run(TestRunner.java:602)
	at org.testng.SuiteRunner.runTest(SuiteRunner.java:380)
	at org.testng.SuiteRunner.runSequentially(SuiteRunner.java:375)
	at org.testng.SuiteRunner.privateRun(SuiteRunner.java:340)
	at org.testng.SuiteRunner.run(SuiteRunner.java:289)
	at org.testng.SuiteRunnerWorker.runSuite(SuiteRunnerWorker.java:52)
	at org.testng.SuiteRunnerWorker.run(SuiteRunnerWorker.java:86)
	at org.testng.TestNG.runSuitesSequentially(TestNG.java:1301)
	at org.testng.TestNG.runSuitesLocally(TestNG.java:1226)
	at org.testng.TestNG.runSuites(TestNG.java:1144)
	at org.testng.TestNG.run(TestNG.java:1115)
	at org.testng.remote.AbstractRemoteTestNG.run(AbstractRemoteTestNG.java:132)
	at org.testng.remote.RemoteTestNG.initAndRun(RemoteTestNG.java:230)
	at org.testng.remote.RemoteTestNG.main(RemoteTestNG.java:76)
</pre></div><a href='#' onClick='toggleBox("stack-trace1156729376", this, "Click to show all stack frames", "Click to hide stack frames")'>Click to show all stack frames</a>
<div class='stack-trace' id='stack-trace1156729376'><pre>java.lang.AssertionError: Test is failed. The form was submitted, but it shouldn&apos;t be submitted. Address only contains spaces
	at org.testng.Assert.fail(Assert.java:93)
	at automation.GeneralTest.assertAndLogForInvalidInput(GeneralTest.java:622)
	at automation.GeneralTest.fnegativeTestWithSpacesInAddress(GeneralTest.java:241)
	at sun.reflect.NativeMethodAccessorImpl.invoke0(Native Method)
	at sun.reflect.NativeMethodAccessorImpl.invoke(NativeMethodAccessorImpl.java:62)
	at sun.reflect.DelegatingMethodAccessorImpl.invoke(DelegatingMethodAccessorImpl.java:43)
	at java.lang.reflect.Method.invoke(Method.java:498)
	at org.testng.internal.MethodInvocationHelper.invokeMethod(MethodInvocationHelper.java:108)
	at org.testng.internal.Invoker.invokeMethod(Invoker.java:661)
	at org.testng.internal.Invoker.invokeTestMethod(Invoker.java:869)
	at org.testng.internal.Invoker.invokeTestMethods(Invoker.java:1193)
	at org.testng.internal.TestMethodWorker.invokeTestMethods(TestMethodWorker.java:126)
	at org.testng.internal.TestMethodWorker.run(TestMethodWorker.java:109)
	at org.testng.TestRunner.privateRun(TestRunner.java:744)
	at org.testng.TestRunner.run(TestRunner.java:602)
	at org.testng.SuiteRunner.runTest(SuiteRunner.java:380)
	at org.testng.SuiteRunner.runSequentially(SuiteRunner.java:375)
	at org.testng.SuiteRunner.privateRun(SuiteRunner.java:340)
	at org.testng.SuiteRunner.run(SuiteRunner.java:289)
	at org.testng.SuiteRunnerWorker.runSuite(SuiteRunnerWorker.java:52)
	at org.testng.SuiteRunnerWorker.run(SuiteRunnerWorker.java:86)
	at org.testng.TestNG.runSuitesSequentially(TestNG.java:1301)
	at org.testng.TestNG.runSuitesLocally(TestNG.java:1226)
	at org.testng.TestNG.runSuites(TestNG.java:1144)
	at org.testng.TestNG.run(TestNG.java:1115)
	at org.testng.remote.AbstractRemoteTestNG.run(AbstractRemoteTestNG.java:132)
	at org.testng.remote.RemoteTestNG.initAndRun(RemoteTestNG.java:230)
	at org.testng.remote.RemoteTestNG.main(RemoteTestNG.java:76)
</pre></div></td>
<td>9</td>
<td>automation.GeneralTest@5025a98f</td></tr>
<tr>
<td title='automation.GeneralTest.ninethValidEmailTest()'><b>ninethValidEmailTest</b><br>Test class: automation.GeneralTest<br/>
<a href="#Output-438432831" onClick='toggleBox("Output-438432831", this, "Show output", "Hide output");'>Show output</a>

<a href="#Output-438432831" onClick="toggleAllBoxes();">Show all outputs</a>
<div class='log' id="Output-438432831">
Test has started. 
<br/>
Test is failed. The form wasn't submitted, but it should be submitted Email:email@[123.123.123.123]<br/>
Test has failed.
<br/>
</div>
</td>
<td><div><pre>java.lang.AssertionError: Test is failed. The form wasn&apos;t submitted, but it should be submitted. Email:email@[123.123.123.123]
	at org.testng.Assert.fail(Assert.java:93)
	at automation.GeneralTest.assertAndLog(GeneralTest.java:607)
	at automation.GeneralTest.ninethValidEmailTest(GeneralTest.java:796)
	at sun.reflect.NativeMethodAccessorImpl.invoke0(Native Method)
	at sun.reflect.NativeMethodAccessorImpl.invoke(NativeMethodAccessorImpl.java:62)
	at sun.reflect.DelegatingMethodAccessorImpl.invoke(DelegatingMethodAccessorImpl.java:43)
	at java.lang.reflect.Method.invoke(Method.java:498)
	at org.testng.internal.MethodInvocationHelper.invokeMethod(MethodInvocationHelper.java:108)
	at org.testng.internal.Invoker.invokeMethod(Invoker.java:661)
	at org.testng.internal.Invoker.invokeTestMethod(Invoker.java:869)
	at org.testng.internal.Invoker.invokeTestMethods(Invoker.java:1193)
	at org.testng.internal.TestMethodWorker.invokeTestMethods(TestMethodWorker.java:126)
	at org.testng.internal.TestMethodWorker.run(TestMethodWorker.java:109)
	at org.testng.TestRunner.privateRun(TestRunner.java:744)
	at org.testng.TestRunner.run(TestRunner.java:602)
	at org.testng.SuiteRunner.runTest(SuiteRunner.java:380)
	at org.testng.SuiteRunner.runSequentially(SuiteRunner.java:375)
	at org.testng.SuiteRunner.privateRun(SuiteRunner.java:340)
	at org.testng.SuiteRunner.run(SuiteRunner.java:289)
	at org.testng.SuiteRunnerWorker.runSuite(SuiteRunnerWorker.java:52)
	at org.testng.SuiteRunnerWorker.run(SuiteRunnerWorker.java:86)
	at org.testng.TestNG.runSuitesSequentially(TestNG.java:1301)
	at org.testng.TestNG.runSuitesLocally(TestNG.java:1226)
	at org.testng.TestNG.runSuites(TestNG.java:1144)
	at org.testng.TestNG.run(TestNG.java:1115)
	at org.testng.remote.AbstractRemoteTestNG.run(AbstractRemoteTestNG.java:132)
	at org.testng.remote.RemoteTestNG.initAndRun(RemoteTestNG.java:230)
	at org.testng.remote.RemoteTestNG.main(RemoteTestNG.java:76)
</pre></div><a href='#' onClick='toggleBox("stack-trace438432831", this, "Click to show all stack frames", "Click to hide stack frames")'>Click to show all stack frames</a>
<div class='stack-trace' id='stack-trace438432831'><pre>java.lang.AssertionError: Test is failed. The form wasn&apos;t submitted, but it should be submitted. Email:email@[123.123.123.123]
	at org.testng.Assert.fail(Assert.java:93)
	at automation.GeneralTest.assertAndLog(GeneralTest.java:607)
	at automation.GeneralTest.ninethValidEmailTest(GeneralTest.java:796)
	at sun.reflect.NativeMethodAccessorImpl.invoke0(Native Method)
	at sun.reflect.NativeMethodAccessorImpl.invoke(NativeMethodAccessorImpl.java:62)
	at sun.reflect.DelegatingMethodAccessorImpl.invoke(DelegatingMethodAccessorImpl.java:43)
	at java.lang.reflect.Method.invoke(Method.java:498)
	at org.testng.internal.MethodInvocationHelper.invokeMethod(MethodInvocationHelper.java:108)
	at org.testng.internal.Invoker.invokeMethod(Invoker.java:661)
	at org.testng.internal.Invoker.invokeTestMethod(Invoker.java:869)
	at org.testng.internal.Invoker.invokeTestMethods(Invoker.java:1193)
	at org.testng.internal.TestMethodWorker.invokeTestMethods(TestMethodWorker.java:126)
	at org.testng.internal.TestMethodWorker.run(TestMethodWorker.java:109)
	at org.testng.TestRunner.privateRun(TestRunner.java:744)
	at org.testng.TestRunner.run(TestRunner.java:602)
	at org.testng.SuiteRunner.runTest(SuiteRunner.java:380)
	at org.testng.SuiteRunner.runSequentially(SuiteRunner.java:375)
	at org.testng.SuiteRunner.privateRun(SuiteRunner.java:340)
	at org.testng.SuiteRunner.run(SuiteRunner.java:289)
	at org.testng.SuiteRunnerWorker.runSuite(SuiteRunnerWorker.java:52)
	at org.testng.SuiteRunnerWorker.run(SuiteRunnerWorker.java:86)
	at org.testng.TestNG.runSuitesSequentially(TestNG.java:1301)
	at org.testng.TestNG.runSuitesLocally(TestNG.java:1226)
	at org.testng.TestNG.runSuites(TestNG.java:1144)
	at org.testng.TestNG.run(TestNG.java:1115)
	at org.testng.remote.AbstractRemoteTestNG.run(AbstractRemoteTestNG.java:132)
	at org.testng.remote.RemoteTestNG.initAndRun(RemoteTestNG.java:230)
	at org.testng.remote.RemoteTestNG.main(RemoteTestNG.java:76)
</pre></div></td>
<td>12</td>
<td>automation.GeneralTest@5025a98f</td></tr>
<tr>
<td title='automation.GeneralTest.secondInvalidEmailTest()'><b>secondInvalidEmailTest</b><br>Test class: automation.GeneralTest<br/>
<a href="#Output-2098992714" onClick='toggleBox("Output-2098992714", this, "Show output", "Hide output");'>Show output</a>

<a href="#Output-2098992714" onClick="toggleAllBoxes();">Show all outputs</a>
<div class='log' id="Output-2098992714">
Test has started. 
<br/>
Test is failed. The form was submitted, but it shouldn't be submitted Email:.email@domain.com<br/>
Test has failed.
<br/>
</div>
</td>
<td><div><pre>java.lang.AssertionError: Test is failed. The form was submitted, but it shouldn&apos;t be submitted. Email:.email@domain.com
	at org.testng.Assert.fail(Assert.java:93)
	at automation.GeneralTest.assertAndLogForInvalidInput(GeneralTest.java:622)
	at automation.GeneralTest.secondInvalidEmailTest(GeneralTest.java:387)
	at sun.reflect.NativeMethodAccessorImpl.invoke0(Native Method)
	at sun.reflect.NativeMethodAccessorImpl.invoke(NativeMethodAccessorImpl.java:62)
	at sun.reflect.DelegatingMethodAccessorImpl.invoke(DelegatingMethodAccessorImpl.java:43)
	at java.lang.reflect.Method.invoke(Method.java:498)
	at org.testng.internal.MethodInvocationHelper.invokeMethod(MethodInvocationHelper.java:108)
	at org.testng.internal.Invoker.invokeMethod(Invoker.java:661)
	at org.testng.internal.Invoker.invokeTestMethod(Invoker.java:869)
	at org.testng.internal.Invoker.invokeTestMethods(Invoker.java:1193)
	at org.testng.internal.TestMethodWorker.invokeTestMethods(TestMethodWorker.java:126)
	at org.testng.internal.TestMethodWorker.run(TestMethodWorker.java:109)
	at org.testng.TestRunner.privateRun(TestRunner.java:744)
	at org.testng.TestRunner.run(TestRunner.java:602)
	at org.testng.SuiteRunner.runTest(SuiteRunner.java:380)
	at org.testng.SuiteRunner.runSequentially(SuiteRunner.java:375)
	at org.testng.SuiteRunner.privateRun(SuiteRunner.java:340)
	at org.testng.SuiteRunner.run(SuiteRunner.java:289)
	at org.testng.SuiteRunnerWorker.runSuite(SuiteRunnerWorker.java:52)
	at org.testng.SuiteRunnerWorker.run(SuiteRunnerWorker.java:86)
	at org.testng.TestNG.runSuitesSequentially(TestNG.java:1301)
	at org.testng.TestNG.runSuitesLocally(TestNG.java:1226)
	at org.testng.TestNG.runSuites(TestNG.java:1144)
	at org.testng.TestNG.run(TestNG.java:1115)
	at org.testng.remote.AbstractRemoteTestNG.run(AbstractRemoteTestNG.java:132)
	at org.testng.remote.RemoteTestNG.initAndRun(RemoteTestNG.java:230)
	at org.testng.remote.RemoteTestNG.main(RemoteTestNG.java:76)
</pre></div><a href='#' onClick='toggleBox("stack-trace2098992714", this, "Click to show all stack frames", "Click to hide stack frames")'>Click to show all stack frames</a>
<div class='stack-trace' id='stack-trace2098992714'><pre>java.lang.AssertionError: Test is failed. The form was submitted, but it shouldn&apos;t be submitted. Email:.email@domain.com
	at org.testng.Assert.fail(Assert.java:93)
	at automation.GeneralTest.assertAndLogForInvalidInput(GeneralTest.java:622)
	at automation.GeneralTest.secondInvalidEmailTest(GeneralTest.java:387)
	at sun.reflect.NativeMethodAccessorImpl.invoke0(Native Method)
	at sun.reflect.NativeMethodAccessorImpl.invoke(NativeMethodAccessorImpl.java:62)
	at sun.reflect.DelegatingMethodAccessorImpl.invoke(DelegatingMethodAccessorImpl.java:43)
	at java.lang.reflect.Method.invoke(Method.java:498)
	at org.testng.internal.MethodInvocationHelper.invokeMethod(MethodInvocationHelper.java:108)
	at org.testng.internal.Invoker.invokeMethod(Invoker.java:661)
	at org.testng.internal.Invoker.invokeTestMethod(Invoker.java:869)
	at org.testng.internal.Invoker.invokeTestMethods(Invoker.java:1193)
	at org.testng.internal.TestMethodWorker.invokeTestMethods(TestMethodWorker.java:126)
	at org.testng.internal.TestMethodWorker.run(TestMethodWorker.java:109)
	at org.testng.TestRunner.privateRun(TestRunner.java:744)
	at org.testng.TestRunner.run(TestRunner.java:602)
	at org.testng.SuiteRunner.runTest(SuiteRunner.java:380)
	at org.testng.SuiteRunner.runSequentially(SuiteRunner.java:375)
	at org.testng.SuiteRunner.privateRun(SuiteRunner.java:340)
	at org.testng.SuiteRunner.run(SuiteRunner.java:289)
	at org.testng.SuiteRunnerWorker.runSuite(SuiteRunnerWorker.java:52)
	at org.testng.SuiteRunnerWorker.run(SuiteRunnerWorker.java:86)
	at org.testng.TestNG.runSuitesSequentially(TestNG.java:1301)
	at org.testng.TestNG.runSuitesLocally(TestNG.java:1226)
	at org.testng.TestNG.runSuites(TestNG.java:1144)
	at org.testng.TestNG.run(TestNG.java:1115)
	at org.testng.remote.AbstractRemoteTestNG.run(AbstractRemoteTestNG.java:132)
	at org.testng.remote.RemoteTestNG.initAndRun(RemoteTestNG.java:230)
	at org.testng.remote.RemoteTestNG.main(RemoteTestNG.java:76)
</pre></div></td>
<td>9</td>
<td>automation.GeneralTest@5025a98f</td></tr>
<tr>
<td title='automation.GeneralTest.secondInvalidphoneTest()'><b>secondInvalidphoneTest</b><br>Test class: automation.GeneralTest<br/>
<a href="#Output-1983472905" onClick='toggleBox("Output-1983472905", this, "Show output", "Hide output");'>Show output</a>

<a href="#Output-1983472905" onClick="toggleAllBoxes();">Show all outputs</a>
<div class='log' id="Output-1983472905">
Test has started. 
<br/>
Test is failed. The form was submitted, but it shouldn't be submitted Phone:055Letter511223365<br/>
Test has failed.
<br/>
</div>
</td>
<td><div><pre>java.lang.AssertionError: Test is failed. The form was submitted, but it shouldn&apos;t be submitted. Phone:055Letter511223365
	at org.testng.Assert.fail(Assert.java:93)
	at automation.GeneralTest.assertAndLogForInvalidInput(GeneralTest.java:622)
	at automation.GeneralTest.secondInvalidphoneTest(GeneralTest.java:977)
	at sun.reflect.NativeMethodAccessorImpl.invoke0(Native Method)
	at sun.reflect.NativeMethodAccessorImpl.invoke(NativeMethodAccessorImpl.java:62)
	at sun.reflect.DelegatingMethodAccessorImpl.invoke(DelegatingMethodAccessorImpl.java:43)
	at java.lang.reflect.Method.invoke(Method.java:498)
	at org.testng.internal.MethodInvocationHelper.invokeMethod(MethodInvocationHelper.java:108)
	at org.testng.internal.Invoker.invokeMethod(Invoker.java:661)
	at org.testng.internal.Invoker.invokeTestMethod(Invoker.java:869)
	at org.testng.internal.Invoker.invokeTestMethods(Invoker.java:1193)
	at org.testng.internal.TestMethodWorker.invokeTestMethods(TestMethodWorker.java:126)
	at org.testng.internal.TestMethodWorker.run(TestMethodWorker.java:109)
	at org.testng.TestRunner.privateRun(TestRunner.java:744)
	at org.testng.TestRunner.run(TestRunner.java:602)
	at org.testng.SuiteRunner.runTest(SuiteRunner.java:380)
	at org.testng.SuiteRunner.runSequentially(SuiteRunner.java:375)
	at org.testng.SuiteRunner.privateRun(SuiteRunner.java:340)
	at org.testng.SuiteRunner.run(SuiteRunner.java:289)
	at org.testng.SuiteRunnerWorker.runSuite(SuiteRunnerWorker.java:52)
	at org.testng.SuiteRunnerWorker.run(SuiteRunnerWorker.java:86)
	at org.testng.TestNG.runSuitesSequentially(TestNG.java:1301)
	at org.testng.TestNG.runSuitesLocally(TestNG.java:1226)
	at org.testng.TestNG.runSuites(TestNG.java:1144)
	at org.testng.TestNG.run(TestNG.java:1115)
	at org.testng.remote.AbstractRemoteTestNG.run(AbstractRemoteTestNG.java:132)
	at org.testng.remote.RemoteTestNG.initAndRun(RemoteTestNG.java:230)
	at org.testng.remote.RemoteTestNG.main(RemoteTestNG.java:76)
</pre></div><a href='#' onClick='toggleBox("stack-trace1983472905", this, "Click to show all stack frames", "Click to hide stack frames")'>Click to show all stack frames</a>
<div class='stack-trace' id='stack-trace1983472905'><pre>java.lang.AssertionError: Test is failed. The form was submitted, but it shouldn&apos;t be submitted. Phone:055Letter511223365
	at org.testng.Assert.fail(Assert.java:93)
	at automation.GeneralTest.assertAndLogForInvalidInput(GeneralTest.java:622)
	at automation.GeneralTest.secondInvalidphoneTest(GeneralTest.java:977)
	at sun.reflect.NativeMethodAccessorImpl.invoke0(Native Method)
	at sun.reflect.NativeMethodAccessorImpl.invoke(NativeMethodAccessorImpl.java:62)
	at sun.reflect.DelegatingMethodAccessorImpl.invoke(DelegatingMethodAccessorImpl.java:43)
	at java.lang.reflect.Method.invoke(Method.java:498)
	at org.testng.internal.MethodInvocationHelper.invokeMethod(MethodInvocationHelper.java:108)
	at org.testng.internal.Invoker.invokeMethod(Invoker.java:661)
	at org.testng.internal.Invoker.invokeTestMethod(Invoker.java:869)
	at org.testng.internal.Invoker.invokeTestMethods(Invoker.java:1193)
	at org.testng.internal.TestMethodWorker.invokeTestMethods(TestMethodWorker.java:126)
	at org.testng.internal.TestMethodWorker.run(TestMethodWorker.java:109)
	at org.testng.TestRunner.privateRun(TestRunner.java:744)
	at org.testng.TestRunner.run(TestRunner.java:602)
	at org.testng.SuiteRunner.runTest(SuiteRunner.java:380)
	at org.testng.SuiteRunner.runSequentially(SuiteRunner.java:375)
	at org.testng.SuiteRunner.privateRun(SuiteRunner.java:340)
	at org.testng.SuiteRunner.run(SuiteRunner.java:289)
	at org.testng.SuiteRunnerWorker.runSuite(SuiteRunnerWorker.java:52)
	at org.testng.SuiteRunnerWorker.run(SuiteRunnerWorker.java:86)
	at org.testng.TestNG.runSuitesSequentially(TestNG.java:1301)
	at org.testng.TestNG.runSuitesLocally(TestNG.java:1226)
	at org.testng.TestNG.runSuites(TestNG.java:1144)
	at org.testng.TestNG.run(TestNG.java:1115)
	at org.testng.remote.AbstractRemoteTestNG.run(AbstractRemoteTestNG.java:132)
	at org.testng.remote.RemoteTestNG.initAndRun(RemoteTestNG.java:230)
	at org.testng.remote.RemoteTestNG.main(RemoteTestNG.java:76)
</pre></div></td>
<td>10</td>
<td>automation.GeneralTest@5025a98f</td></tr>
<tr>
<td title='automation.GeneralTest.secondValidEmailTest()'><b>secondValidEmailTest</b><br>Test class: automation.GeneralTest<br/>
<a href="#Output-936632640" onClick='toggleBox("Output-936632640", this, "Show output", "Hide output");'>Show output</a>

<a href="#Output-936632640" onClick="toggleAllBoxes();">Show all outputs</a>
<div class='log' id="Output-936632640">
Test has started. 
<br/>
Test is failed. The form wasn't submitted, but it should be submitted Email:"email"@domain.com<br/>
Test has failed.
<br/>
</div>
</td>
<td><div><pre>java.lang.AssertionError: Test is failed. The form wasn&apos;t submitted, but it should be submitted. Email:&quot;email&quot;@domain.com
	at org.testng.Assert.fail(Assert.java:93)
	at automation.GeneralTest.assertAndLog(GeneralTest.java:607)
	at automation.GeneralTest.secondValidEmailTest(GeneralTest.java:663)
	at sun.reflect.NativeMethodAccessorImpl.invoke0(Native Method)
	at sun.reflect.NativeMethodAccessorImpl.invoke(NativeMethodAccessorImpl.java:62)
	at sun.reflect.DelegatingMethodAccessorImpl.invoke(DelegatingMethodAccessorImpl.java:43)
	at java.lang.reflect.Method.invoke(Method.java:498)
	at org.testng.internal.MethodInvocationHelper.invokeMethod(MethodInvocationHelper.java:108)
	at org.testng.internal.Invoker.invokeMethod(Invoker.java:661)
	at org.testng.internal.Invoker.invokeTestMethod(Invoker.java:869)
	at org.testng.internal.Invoker.invokeTestMethods(Invoker.java:1193)
	at org.testng.internal.TestMethodWorker.invokeTestMethods(TestMethodWorker.java:126)
	at org.testng.internal.TestMethodWorker.run(TestMethodWorker.java:109)
	at org.testng.TestRunner.privateRun(TestRunner.java:744)
	at org.testng.TestRunner.run(TestRunner.java:602)
	at org.testng.SuiteRunner.runTest(SuiteRunner.java:380)
	at org.testng.SuiteRunner.runSequentially(SuiteRunner.java:375)
	at org.testng.SuiteRunner.privateRun(SuiteRunner.java:340)
	at org.testng.SuiteRunner.run(SuiteRunner.java:289)
	at org.testng.SuiteRunnerWorker.runSuite(SuiteRunnerWorker.java:52)
	at org.testng.SuiteRunnerWorker.run(SuiteRunnerWorker.java:86)
	at org.testng.TestNG.runSuitesSequentially(TestNG.java:1301)
	at org.testng.TestNG.runSuitesLocally(TestNG.java:1226)
	at org.testng.TestNG.runSuites(TestNG.java:1144)
	at org.testng.TestNG.run(TestNG.java:1115)
	at org.testng.remote.AbstractRemoteTestNG.run(AbstractRemoteTestNG.java:132)
	at org.testng.remote.RemoteTestNG.initAndRun(RemoteTestNG.java:230)
	at org.testng.remote.RemoteTestNG.main(RemoteTestNG.java:76)
</pre></div><a href='#' onClick='toggleBox("stack-trace936632640", this, "Click to show all stack frames", "Click to hide stack frames")'>Click to show all stack frames</a>
<div class='stack-trace' id='stack-trace936632640'><pre>java.lang.AssertionError: Test is failed. The form wasn&apos;t submitted, but it should be submitted. Email:&quot;email&quot;@domain.com
	at org.testng.Assert.fail(Assert.java:93)
	at automation.GeneralTest.assertAndLog(GeneralTest.java:607)
	at automation.GeneralTest.secondValidEmailTest(GeneralTest.java:663)
	at sun.reflect.NativeMethodAccessorImpl.invoke0(Native Method)
	at sun.reflect.NativeMethodAccessorImpl.invoke(NativeMethodAccessorImpl.java:62)
	at sun.reflect.DelegatingMethodAccessorImpl.invoke(DelegatingMethodAccessorImpl.java:43)
	at java.lang.reflect.Method.invoke(Method.java:498)
	at org.testng.internal.MethodInvocationHelper.invokeMethod(MethodInvocationHelper.java:108)
	at org.testng.internal.Invoker.invokeMethod(Invoker.java:661)
	at org.testng.internal.Invoker.invokeTestMethod(Invoker.java:869)
	at org.testng.internal.Invoker.invokeTestMethods(Invoker.java:1193)
	at org.testng.internal.TestMethodWorker.invokeTestMethods(TestMethodWorker.java:126)
	at org.testng.internal.TestMethodWorker.run(TestMethodWorker.java:109)
	at org.testng.TestRunner.privateRun(TestRunner.java:744)
	at org.testng.TestRunner.run(TestRunner.java:602)
	at org.testng.SuiteRunner.runTest(SuiteRunner.java:380)
	at org.testng.SuiteRunner.runSequentially(SuiteRunner.java:375)
	at org.testng.SuiteRunner.privateRun(SuiteRunner.java:340)
	at org.testng.SuiteRunner.run(SuiteRunner.java:289)
	at org.testng.SuiteRunnerWorker.runSuite(SuiteRunnerWorker.java:52)
	at org.testng.SuiteRunnerWorker.run(SuiteRunnerWorker.java:86)
	at org.testng.TestNG.runSuitesSequentially(TestNG.java:1301)
	at org.testng.TestNG.runSuitesLocally(TestNG.java:1226)
	at org.testng.TestNG.runSuites(TestNG.java:1144)
	at org.testng.TestNG.run(TestNG.java:1115)
	at org.testng.remote.AbstractRemoteTestNG.run(AbstractRemoteTestNG.java:132)
	at org.testng.remote.RemoteTestNG.initAndRun(RemoteTestNG.java:230)
	at org.testng.remote.RemoteTestNG.main(RemoteTestNG.java:76)
</pre></div></td>
<td>12</td>
<td>automation.GeneralTest@5025a98f</td></tr>
<tr>
<td title='automation.GeneralTest.seventhInvalidEmailTest()'><b>seventhInvalidEmailTest</b><br>Test class: automation.GeneralTest<br/>
<a href="#Output-1257758058" onClick='toggleBox("Output-1257758058", this, "Show output", "Hide output");'>Show output</a>

<a href="#Output-1257758058" onClick="toggleAllBoxes();">Show all outputs</a>
<div class='log' id="Output-1257758058">
Test has started. 
<br/>
Test is failed. The form was submitted, but it shouldn't be submitted Email:email.@domain.com<br/>
Test has failed.
<br/>
</div>
</td>
<td><div><pre>java.lang.AssertionError: Test is failed. The form was submitted, but it shouldn&apos;t be submitted. Email:email.@domain.com
	at org.testng.Assert.fail(Assert.java:93)
	at automation.GeneralTest.assertAndLogForInvalidInput(GeneralTest.java:622)
	at automation.GeneralTest.seventhInvalidEmailTest(GeneralTest.java:482)
	at sun.reflect.NativeMethodAccessorImpl.invoke0(Native Method)
	at sun.reflect.NativeMethodAccessorImpl.invoke(NativeMethodAccessorImpl.java:62)
	at sun.reflect.DelegatingMethodAccessorImpl.invoke(DelegatingMethodAccessorImpl.java:43)
	at java.lang.reflect.Method.invoke(Method.java:498)
	at org.testng.internal.MethodInvocationHelper.invokeMethod(MethodInvocationHelper.java:108)
	at org.testng.internal.Invoker.invokeMethod(Invoker.java:661)
	at org.testng.internal.Invoker.invokeTestMethod(Invoker.java:869)
	at org.testng.internal.Invoker.invokeTestMethods(Invoker.java:1193)
	at org.testng.internal.TestMethodWorker.invokeTestMethods(TestMethodWorker.java:126)
	at org.testng.internal.TestMethodWorker.run(TestMethodWorker.java:109)
	at org.testng.TestRunner.privateRun(TestRunner.java:744)
	at org.testng.TestRunner.run(TestRunner.java:602)
	at org.testng.SuiteRunner.runTest(SuiteRunner.java:380)
	at org.testng.SuiteRunner.runSequentially(SuiteRunner.java:375)
	at org.testng.SuiteRunner.privateRun(SuiteRunner.java:340)
	at org.testng.SuiteRunner.run(SuiteRunner.java:289)
	at org.testng.SuiteRunnerWorker.runSuite(SuiteRunnerWorker.java:52)
	at org.testng.SuiteRunnerWorker.run(SuiteRunnerWorker.java:86)
	at org.testng.TestNG.runSuitesSequentially(TestNG.java:1301)
	at org.testng.TestNG.runSuitesLocally(TestNG.java:1226)
	at org.testng.TestNG.runSuites(TestNG.java:1144)
	at org.testng.TestNG.run(TestNG.java:1115)
	at org.testng.remote.AbstractRemoteTestNG.run(AbstractRemoteTestNG.java:132)
	at org.testng.remote.RemoteTestNG.initAndRun(RemoteTestNG.java:230)
	at org.testng.remote.RemoteTestNG.main(RemoteTestNG.java:76)
</pre></div><a href='#' onClick='toggleBox("stack-trace1257758058", this, "Click to show all stack frames", "Click to hide stack frames")'>Click to show all stack frames</a>
<div class='stack-trace' id='stack-trace1257758058'><pre>java.lang.AssertionError: Test is failed. The form was submitted, but it shouldn&apos;t be submitted. Email:email.@domain.com
	at org.testng.Assert.fail(Assert.java:93)
	at automation.GeneralTest.assertAndLogForInvalidInput(GeneralTest.java:622)
	at automation.GeneralTest.seventhInvalidEmailTest(GeneralTest.java:482)
	at sun.reflect.NativeMethodAccessorImpl.invoke0(Native Method)
	at sun.reflect.NativeMethodAccessorImpl.invoke(NativeMethodAccessorImpl.java:62)
	at sun.reflect.DelegatingMethodAccessorImpl.invoke(DelegatingMethodAccessorImpl.java:43)
	at java.lang.reflect.Method.invoke(Method.java:498)
	at org.testng.internal.MethodInvocationHelper.invokeMethod(MethodInvocationHelper.java:108)
	at org.testng.internal.Invoker.invokeMethod(Invoker.java:661)
	at org.testng.internal.Invoker.invokeTestMethod(Invoker.java:869)
	at org.testng.internal.Invoker.invokeTestMethods(Invoker.java:1193)
	at org.testng.internal.TestMethodWorker.invokeTestMethods(TestMethodWorker.java:126)
	at org.testng.internal.TestMethodWorker.run(TestMethodWorker.java:109)
	at org.testng.TestRunner.privateRun(TestRunner.java:744)
	at org.testng.TestRunner.run(TestRunner.java:602)
	at org.testng.SuiteRunner.runTest(SuiteRunner.java:380)
	at org.testng.SuiteRunner.runSequentially(SuiteRunner.java:375)
	at org.testng.SuiteRunner.privateRun(SuiteRunner.java:340)
	at org.testng.SuiteRunner.run(SuiteRunner.java:289)
	at org.testng.SuiteRunnerWorker.runSuite(SuiteRunnerWorker.java:52)
	at org.testng.SuiteRunnerWorker.run(SuiteRunnerWorker.java:86)
	at org.testng.TestNG.runSuitesSequentially(TestNG.java:1301)
	at org.testng.TestNG.runSuitesLocally(TestNG.java:1226)
	at org.testng.TestNG.runSuites(TestNG.java:1144)
	at org.testng.TestNG.run(TestNG.java:1115)
	at org.testng.remote.AbstractRemoteTestNG.run(AbstractRemoteTestNG.java:132)
	at org.testng.remote.RemoteTestNG.initAndRun(RemoteTestNG.java:230)
	at org.testng.remote.RemoteTestNG.main(RemoteTestNG.java:76)
</pre></div></td>
<td>12</td>
<td>automation.GeneralTest@5025a98f</td></tr>
<tr>
<td title='automation.GeneralTest.sixthInvalidEmailTest()'><b>sixthInvalidEmailTest</b><br>Test class: automation.GeneralTest<br/>
<a href="#Output-1296953588" onClick='toggleBox("Output-1296953588", this, "Show output", "Hide output");'>Show output</a>

<a href="#Output-1296953588" onClick="toggleAllBoxes();">Show all outputs</a>
<div class='log' id="Output-1296953588">
Test has started. 
<br/>
Test is failed. The form was submitted, but it shouldn't be submitted Email:email..email@domain.com<br/>
Test has failed.
<br/>
</div>
</td>
<td><div><pre>java.lang.AssertionError: Test is failed. The form was submitted, but it shouldn&apos;t be submitted. Email:email..email@domain.com
	at org.testng.Assert.fail(Assert.java:93)
	at automation.GeneralTest.assertAndLogForInvalidInput(GeneralTest.java:622)
	at automation.GeneralTest.sixthInvalidEmailTest(GeneralTest.java:463)
	at sun.reflect.NativeMethodAccessorImpl.invoke0(Native Method)
	at sun.reflect.NativeMethodAccessorImpl.invoke(NativeMethodAccessorImpl.java:62)
	at sun.reflect.DelegatingMethodAccessorImpl.invoke(DelegatingMethodAccessorImpl.java:43)
	at java.lang.reflect.Method.invoke(Method.java:498)
	at org.testng.internal.MethodInvocationHelper.invokeMethod(MethodInvocationHelper.java:108)
	at org.testng.internal.Invoker.invokeMethod(Invoker.java:661)
	at org.testng.internal.Invoker.invokeTestMethod(Invoker.java:869)
	at org.testng.internal.Invoker.invokeTestMethods(Invoker.java:1193)
	at org.testng.internal.TestMethodWorker.invokeTestMethods(TestMethodWorker.java:126)
	at org.testng.internal.TestMethodWorker.run(TestMethodWorker.java:109)
	at org.testng.TestRunner.privateRun(TestRunner.java:744)
	at org.testng.TestRunner.run(TestRunner.java:602)
	at org.testng.SuiteRunner.runTest(SuiteRunner.java:380)
	at org.testng.SuiteRunner.runSequentially(SuiteRunner.java:375)
	at org.testng.SuiteRunner.privateRun(SuiteRunner.java:340)
	at org.testng.SuiteRunner.run(SuiteRunner.java:289)
	at org.testng.SuiteRunnerWorker.runSuite(SuiteRunnerWorker.java:52)
	at org.testng.SuiteRunnerWorker.run(SuiteRunnerWorker.java:86)
	at org.testng.TestNG.runSuitesSequentially(TestNG.java:1301)
	at org.testng.TestNG.runSuitesLocally(TestNG.java:1226)
	at org.testng.TestNG.runSuites(TestNG.java:1144)
	at org.testng.TestNG.run(TestNG.java:1115)
	at org.testng.remote.AbstractRemoteTestNG.run(AbstractRemoteTestNG.java:132)
	at org.testng.remote.RemoteTestNG.initAndRun(RemoteTestNG.java:230)
	at org.testng.remote.RemoteTestNG.main(RemoteTestNG.java:76)
</pre></div><a href='#' onClick='toggleBox("stack-trace1296953588", this, "Click to show all stack frames", "Click to hide stack frames")'>Click to show all stack frames</a>
<div class='stack-trace' id='stack-trace1296953588'><pre>java.lang.AssertionError: Test is failed. The form was submitted, but it shouldn&apos;t be submitted. Email:email..email@domain.com
	at org.testng.Assert.fail(Assert.java:93)
	at automation.GeneralTest.assertAndLogForInvalidInput(GeneralTest.java:622)
	at automation.GeneralTest.sixthInvalidEmailTest(GeneralTest.java:463)
	at sun.reflect.NativeMethodAccessorImpl.invoke0(Native Method)
	at sun.reflect.NativeMethodAccessorImpl.invoke(NativeMethodAccessorImpl.java:62)
	at sun.reflect.DelegatingMethodAccessorImpl.invoke(DelegatingMethodAccessorImpl.java:43)
	at java.lang.reflect.Method.invoke(Method.java:498)
	at org.testng.internal.MethodInvocationHelper.invokeMethod(MethodInvocationHelper.java:108)
	at org.testng.internal.Invoker.invokeMethod(Invoker.java:661)
	at org.testng.internal.Invoker.invokeTestMethod(Invoker.java:869)
	at org.testng.internal.Invoker.invokeTestMethods(Invoker.java:1193)
	at org.testng.internal.TestMethodWorker.invokeTestMethods(TestMethodWorker.java:126)
	at org.testng.internal.TestMethodWorker.run(TestMethodWorker.java:109)
	at org.testng.TestRunner.privateRun(TestRunner.java:744)
	at org.testng.TestRunner.run(TestRunner.java:602)
	at org.testng.SuiteRunner.runTest(SuiteRunner.java:380)
	at org.testng.SuiteRunner.runSequentially(SuiteRunner.java:375)
	at org.testng.SuiteRunner.privateRun(SuiteRunner.java:340)
	at org.testng.SuiteRunner.run(SuiteRunner.java:289)
	at org.testng.SuiteRunnerWorker.runSuite(SuiteRunnerWorker.java:52)
	at org.testng.SuiteRunnerWorker.run(SuiteRunnerWorker.java:86)
	at org.testng.TestNG.runSuitesSequentially(TestNG.java:1301)
	at org.testng.TestNG.runSuitesLocally(TestNG.java:1226)
	at org.testng.TestNG.runSuites(TestNG.java:1144)
	at org.testng.TestNG.run(TestNG.java:1115)
	at org.testng.remote.AbstractRemoteTestNG.run(AbstractRemoteTestNG.java:132)
	at org.testng.remote.RemoteTestNG.initAndRun(RemoteTestNG.java:230)
	at org.testng.remote.RemoteTestNG.main(RemoteTestNG.java:76)
</pre></div></td>
<td>13</td>
<td>automation.GeneralTest@5025a98f</td></tr>
<tr>
<td title='automation.GeneralTest.thirdInalidphoneTest()'><b>thirdInalidphoneTest</b><br>Test class: automation.GeneralTest<br/>
<a href="#Output-1430053704" onClick='toggleBox("Output-1430053704", this, "Show output", "Hide output");'>Show output</a>

<a href="#Output-1430053704" onClick="toggleAllBoxes();">Show all outputs</a>
<div class='log' id="Output-1430053704">
Test has started. 
<br/>
Test is failed. The form was submitted, but it shouldn't be submitted Phone:Letter009055004455<br/>
Test has failed.
<br/>
</div>
</td>
<td><div><pre>java.lang.AssertionError: Test is failed. The form was submitted, but it shouldn&apos;t be submitted. Phone:Letter009055004455
	at org.testng.Assert.fail(Assert.java:93)
	at automation.GeneralTest.assertAndLogForInvalidInput(GeneralTest.java:622)
	at automation.GeneralTest.thirdInalidphoneTest(GeneralTest.java:998)
	at sun.reflect.NativeMethodAccessorImpl.invoke0(Native Method)
	at sun.reflect.NativeMethodAccessorImpl.invoke(NativeMethodAccessorImpl.java:62)
	at sun.reflect.DelegatingMethodAccessorImpl.invoke(DelegatingMethodAccessorImpl.java:43)
	at java.lang.reflect.Method.invoke(Method.java:498)
	at org.testng.internal.MethodInvocationHelper.invokeMethod(MethodInvocationHelper.java:108)
	at org.testng.internal.Invoker.invokeMethod(Invoker.java:661)
	at org.testng.internal.Invoker.invokeTestMethod(Invoker.java:869)
	at org.testng.internal.Invoker.invokeTestMethods(Invoker.java:1193)
	at org.testng.internal.TestMethodWorker.invokeTestMethods(TestMethodWorker.java:126)
	at org.testng.internal.TestMethodWorker.run(TestMethodWorker.java:109)
	at org.testng.TestRunner.privateRun(TestRunner.java:744)
	at org.testng.TestRunner.run(TestRunner.java:602)
	at org.testng.SuiteRunner.runTest(SuiteRunner.java:380)
	at org.testng.SuiteRunner.runSequentially(SuiteRunner.java:375)
	at org.testng.SuiteRunner.privateRun(SuiteRunner.java:340)
	at org.testng.SuiteRunner.run(SuiteRunner.java:289)
	at org.testng.SuiteRunnerWorker.runSuite(SuiteRunnerWorker.java:52)
	at org.testng.SuiteRunnerWorker.run(SuiteRunnerWorker.java:86)
	at org.testng.TestNG.runSuitesSequentially(TestNG.java:1301)
	at org.testng.TestNG.runSuitesLocally(TestNG.java:1226)
	at org.testng.TestNG.runSuites(TestNG.java:1144)
	at org.testng.TestNG.run(TestNG.java:1115)
	at org.testng.remote.AbstractRemoteTestNG.run(AbstractRemoteTestNG.java:132)
	at org.testng.remote.RemoteTestNG.initAndRun(RemoteTestNG.java:230)
	at org.testng.remote.RemoteTestNG.main(RemoteTestNG.java:76)
</pre></div><a href='#' onClick='toggleBox("stack-trace1430053704", this, "Click to show all stack frames", "Click to hide stack frames")'>Click to show all stack frames</a>
<div class='stack-trace' id='stack-trace1430053704'><pre>java.lang.AssertionError: Test is failed. The form was submitted, but it shouldn&apos;t be submitted. Phone:Letter009055004455
	at org.testng.Assert.fail(Assert.java:93)
	at automation.GeneralTest.assertAndLogForInvalidInput(GeneralTest.java:622)
	at automation.GeneralTest.thirdInalidphoneTest(GeneralTest.java:998)
	at sun.reflect.NativeMethodAccessorImpl.invoke0(Native Method)
	at sun.reflect.NativeMethodAccessorImpl.invoke(NativeMethodAccessorImpl.java:62)
	at sun.reflect.DelegatingMethodAccessorImpl.invoke(DelegatingMethodAccessorImpl.java:43)
	at java.lang.reflect.Method.invoke(Method.java:498)
	at org.testng.internal.MethodInvocationHelper.invokeMethod(MethodInvocationHelper.java:108)
	at org.testng.internal.Invoker.invokeMethod(Invoker.java:661)
	at org.testng.internal.Invoker.invokeTestMethod(Invoker.java:869)
	at org.testng.internal.Invoker.invokeTestMethods(Invoker.java:1193)
	at org.testng.internal.TestMethodWorker.invokeTestMethods(TestMethodWorker.java:126)
	at org.testng.internal.TestMethodWorker.run(TestMethodWorker.java:109)
	at org.testng.TestRunner.privateRun(TestRunner.java:744)
	at org.testng.TestRunner.run(TestRunner.java:602)
	at org.testng.SuiteRunner.runTest(SuiteRunner.java:380)
	at org.testng.SuiteRunner.runSequentially(SuiteRunner.java:375)
	at org.testng.SuiteRunner.privateRun(SuiteRunner.java:340)
	at org.testng.SuiteRunner.run(SuiteRunner.java:289)
	at org.testng.SuiteRunnerWorker.runSuite(SuiteRunnerWorker.java:52)
	at org.testng.SuiteRunnerWorker.run(SuiteRunnerWorker.java:86)
	at org.testng.TestNG.runSuitesSequentially(TestNG.java:1301)
	at org.testng.TestNG.runSuitesLocally(TestNG.java:1226)
	at org.testng.TestNG.runSuites(TestNG.java:1144)
	at org.testng.TestNG.run(TestNG.java:1115)
	at org.testng.remote.AbstractRemoteTestNG.run(AbstractRemoteTestNG.java:132)
	at org.testng.remote.RemoteTestNG.initAndRun(RemoteTestNG.java:230)
	at org.testng.remote.RemoteTestNG.main(RemoteTestNG.java:76)
</pre></div></td>
<td>9</td>
<td>automation.GeneralTest@5025a98f</td></tr>
<tr>
<td title='automation.GeneralTest.twelwethInvalidEmailTest()'><b>twelwethInvalidEmailTest</b><br>Test class: automation.GeneralTest<br/>
<a href="#Output-440159038" onClick='toggleBox("Output-440159038", this, "Show output", "Hide output");'>Show output</a>

<a href="#Output-440159038" onClick="toggleAllBoxes();">Show all outputs</a>
<div class='log' id="Output-440159038">
Test has started. 
<br/>
Test is failed. The form was submitted, but it shouldn't be submitted Email:email@-domain.com<br/>
Test has failed.
<br/>
</div>
</td>
<td><div><pre>java.lang.AssertionError: Test is failed. The form was submitted, but it shouldn&apos;t be submitted. Email:email@-domain.com
	at org.testng.Assert.fail(Assert.java:93)
	at automation.GeneralTest.assertAndLogForInvalidInput(GeneralTest.java:622)
	at automation.GeneralTest.twelwethInvalidEmailTest(GeneralTest.java:577)
	at sun.reflect.NativeMethodAccessorImpl.invoke0(Native Method)
	at sun.reflect.NativeMethodAccessorImpl.invoke(NativeMethodAccessorImpl.java:62)
	at sun.reflect.DelegatingMethodAccessorImpl.invoke(DelegatingMethodAccessorImpl.java:43)
	at java.lang.reflect.Method.invoke(Method.java:498)
	at org.testng.internal.MethodInvocationHelper.invokeMethod(MethodInvocationHelper.java:108)
	at org.testng.internal.Invoker.invokeMethod(Invoker.java:661)
	at org.testng.internal.Invoker.invokeTestMethod(Invoker.java:869)
	at org.testng.internal.Invoker.invokeTestMethods(Invoker.java:1193)
	at org.testng.internal.TestMethodWorker.invokeTestMethods(TestMethodWorker.java:126)
	at org.testng.internal.TestMethodWorker.run(TestMethodWorker.java:109)
	at org.testng.TestRunner.privateRun(TestRunner.java:744)
	at org.testng.TestRunner.run(TestRunner.java:602)
	at org.testng.SuiteRunner.runTest(SuiteRunner.java:380)
	at org.testng.SuiteRunner.runSequentially(SuiteRunner.java:375)
	at org.testng.SuiteRunner.privateRun(SuiteRunner.java:340)
	at org.testng.SuiteRunner.run(SuiteRunner.java:289)
	at org.testng.SuiteRunnerWorker.runSuite(SuiteRunnerWorker.java:52)
	at org.testng.SuiteRunnerWorker.run(SuiteRunnerWorker.java:86)
	at org.testng.TestNG.runSuitesSequentially(TestNG.java:1301)
	at org.testng.TestNG.runSuitesLocally(TestNG.java:1226)
	at org.testng.TestNG.runSuites(TestNG.java:1144)
	at org.testng.TestNG.run(TestNG.java:1115)
	at org.testng.remote.AbstractRemoteTestNG.run(AbstractRemoteTestNG.java:132)
	at org.testng.remote.RemoteTestNG.initAndRun(RemoteTestNG.java:230)
	at org.testng.remote.RemoteTestNG.main(RemoteTestNG.java:76)
</pre></div><a href='#' onClick='toggleBox("stack-trace440159038", this, "Click to show all stack frames", "Click to hide stack frames")'>Click to show all stack frames</a>
<div class='stack-trace' id='stack-trace440159038'><pre>java.lang.AssertionError: Test is failed. The form was submitted, but it shouldn&apos;t be submitted. Email:email@-domain.com
	at org.testng.Assert.fail(Assert.java:93)
	at automation.GeneralTest.assertAndLogForInvalidInput(GeneralTest.java:622)
	at automation.GeneralTest.twelwethInvalidEmailTest(GeneralTest.java:577)
	at sun.reflect.NativeMethodAccessorImpl.invoke0(Native Method)
	at sun.reflect.NativeMethodAccessorImpl.invoke(NativeMethodAccessorImpl.java:62)
	at sun.reflect.DelegatingMethodAccessorImpl.invoke(DelegatingMethodAccessorImpl.java:43)
	at java.lang.reflect.Method.invoke(Method.java:498)
	at org.testng.internal.MethodInvocationHelper.invokeMethod(MethodInvocationHelper.java:108)
	at org.testng.internal.Invoker.invokeMethod(Invoker.java:661)
	at org.testng.internal.Invoker.invokeTestMethod(Invoker.java:869)
	at org.testng.internal.Invoker.invokeTestMethods(Invoker.java:1193)
	at org.testng.internal.TestMethodWorker.invokeTestMethods(TestMethodWorker.java:126)
	at org.testng.internal.TestMethodWorker.run(TestMethodWorker.java:109)
	at org.testng.TestRunner.privateRun(TestRunner.java:744)
	at org.testng.TestRunner.run(TestRunner.java:602)
	at org.testng.SuiteRunner.runTest(SuiteRunner.java:380)
	at org.testng.SuiteRunner.runSequentially(SuiteRunner.java:375)
	at org.testng.SuiteRunner.privateRun(SuiteRunner.java:340)
	at org.testng.SuiteRunner.run(SuiteRunner.java:289)
	at org.testng.SuiteRunnerWorker.runSuite(SuiteRunnerWorker.java:52)
	at org.testng.SuiteRunnerWorker.run(SuiteRunnerWorker.java:86)
	at org.testng.TestNG.runSuitesSequentially(TestNG.java:1301)
	at org.testng.TestNG.runSuitesLocally(TestNG.java:1226)
	at org.testng.TestNG.runSuites(TestNG.java:1144)
	at org.testng.TestNG.run(TestNG.java:1115)
	at org.testng.remote.AbstractRemoteTestNG.run(AbstractRemoteTestNG.java:132)
	at org.testng.remote.RemoteTestNG.initAndRun(RemoteTestNG.java:230)
	at org.testng.remote.RemoteTestNG.main(RemoteTestNG.java:76)
</pre></div></td>
<td>9</td>
<td>automation.GeneralTest@5025a98f</td></tr>
</table><p>
<table width='100%' border='1' class='invocation-passed'>
<tr><td colspan='4' align='center'><b>PASSED TESTS</b></td></tr>
<tr><td><b>Test method</b></td>
<td width="30%"><b>Exception</b></td>
<td width="10%"><b>Time (seconds)</b></td>
<td><b>Instance</b></td>
</tr>
<tr>
<td title='automation.GeneralTest.apositiveTest()'><b>apositiveTest</b><br>Test class: automation.GeneralTest<br/>
<a href="#Output-394714818" onClick='toggleBox("Output-394714818", this, "Show output", "Hide output");'>Show output</a>

<a href="#Output-394714818" onClick="toggleAllBoxes();">Show all outputs</a>
<div class='log' id="Output-394714818">
Test has started. 
<br/>
Test has passed. 
<br/>
</div>
</td>
<td></td>
<td>21</td>
<td>automation.GeneralTest@5025a98f</td></tr>
<tr>
<td title='automation.GeneralTest.bpositiveTestSecond()'><b>bpositiveTestSecond</b><br>Test class: automation.GeneralTest<br/>
<a href="#Output-16148478" onClick='toggleBox("Output-16148478", this, "Show output", "Hide output");'>Show output</a>

<a href="#Output-16148478" onClick="toggleAllBoxes();">Show all outputs</a>
<div class='log' id="Output-16148478">
Test has started. 
<br/>
Test has passed. 
<br/>
</div>
</td>
<td></td>
<td>13</td>
<td>automation.GeneralTest@5025a98f</td></tr>
<tr>
<td title='automation.GeneralTest.cnegativeTestFirst()'><b>cnegativeTestFirst</b><br>Test class: automation.GeneralTest<br/>
<a href="#Output-1667534569" onClick='toggleBox("Output-1667534569", this, "Show output", "Hide output");'>Show output</a>

<a href="#Output-1667534569" onClick="toggleAllBoxes();">Show all outputs</a>
<div class='log' id="Output-1667534569">
Test has started. 
<br/>
Test has passed. 
<br/>
</div>
</td>
<td></td>
<td>12</td>
<td>automation.GeneralTest@5025a98f</td></tr>
<tr>
<td title='automation.GeneralTest.dnegativeTestSecond()'><b>dnegativeTestSecond</b><br>Test class: automation.GeneralTest<br/>
<a href="#Output-707635461" onClick='toggleBox("Output-707635461", this, "Show output", "Hide output");'>Show output</a>

<a href="#Output-707635461" onClick="toggleAllBoxes();">Show all outputs</a>
<div class='log' id="Output-707635461">
Test has started. 
<br/>
Test has passed. 
<br/>
</div>
</td>
<td></td>
<td>8</td>
<td>automation.GeneralTest@5025a98f</td></tr>
<tr>
<td title='automation.GeneralTest.eighthValidEmailTest()'><b>eighthValidEmailTest</b><br>Test class: automation.GeneralTest<br/>
<a href="#Output-1663738275" onClick='toggleBox("Output-1663738275", this, "Show output", "Hide output");'>Show output</a>

<a href="#Output-1663738275" onClick="toggleAllBoxes();">Show all outputs</a>
<div class='log' id="Output-1663738275">
Test has started. 
<br/>
Test has passed. 
<br/>
</div>
</td>
<td></td>
<td>9</td>
<td>automation.GeneralTest@5025a98f</td></tr>
<tr>
<td title='automation.GeneralTest.eleventhInvalidEmailTest()'><b>eleventhInvalidEmailTest</b><br>Test class: automation.GeneralTest<br/>
<a href="#Output-507583873" onClick='toggleBox("Output-507583873", this, "Show output", "Hide output");'>Show output</a>

<a href="#Output-507583873" onClick="toggleAllBoxes();">Show all outputs</a>
<div class='log' id="Output-507583873">
Test has started. 
<br/>
Test has passed. 
<br/>
</div>
</td>
<td></td>
<td>12</td>
<td>automation.GeneralTest@5025a98f</td></tr>
<tr>
<td title='automation.GeneralTest.eleventhValidEmailTest()'><b>eleventhValidEmailTest</b><br>Test class: automation.GeneralTest<br/>
<a href="#Output-106113013" onClick='toggleBox("Output-106113013", this, "Show output", "Hide output");'>Show output</a>

<a href="#Output-106113013" onClick="toggleAllBoxes();">Show all outputs</a>
<div class='log' id="Output-106113013">
Test has started. 
<br/>
Test has passed. 
<br/>
</div>
</td>
<td></td>
<td>9</td>
<td>automation.GeneralTest@5025a98f</td></tr>
<tr>
<td title='automation.GeneralTest.fifthInvalidEmailTest()'><b>fifthInvalidEmailTest</b><br>Test class: automation.GeneralTest<br/>
<a href="#Output-726107869" onClick='toggleBox("Output-726107869", this, "Show output", "Hide output");'>Show output</a>

<a href="#Output-726107869" onClick="toggleAllBoxes();">Show all outputs</a>
<div class='log' id="Output-726107869">
Test has started. 
<br/>
Test has passed. 
<br/>
</div>
</td>
<td></td>
<td>8</td>
<td>automation.GeneralTest@5025a98f</td></tr>
<tr>
<td title='automation.GeneralTest.fifthValidEmailTest()'><b>fifthValidEmailTest</b><br>Test class: automation.GeneralTest<br/>
<a href="#Output-28010264" onClick='toggleBox("Output-28010264", this, "Show output", "Hide output");'>Show output</a>

<a href="#Output-28010264" onClick="toggleAllBoxes();">Show all outputs</a>
<div class='log' id="Output-28010264">
Test has started. 
<br/>
Test has passed. 
<br/>
</div>
</td>
<td></td>
<td>13</td>
<td>automation.GeneralTest@5025a98f</td></tr>
<tr>
<td title='automation.GeneralTest.firstInvalidEmailTest()'><b>firstInvalidEmailTest</b><br>Test class: automation.GeneralTest<br/>
<a href="#Output-1347294617" onClick='toggleBox("Output-1347294617", this, "Show output", "Hide output");'>Show output</a>

<a href="#Output-1347294617" onClick="toggleAllBoxes();">Show all outputs</a>
<div class='log' id="Output-1347294617">
Test has started. 
<br/>
Test has passed. 
<br/>
</div>
</td>
<td></td>
<td>12</td>
<td>automation.GeneralTest@5025a98f</td></tr>
<tr>
<td title='automation.GeneralTest.firstValidEmailTest()'><b>firstValidEmailTest</b><br>Test class: automation.GeneralTest<br/>
<a href="#Output-1905114489" onClick='toggleBox("Output-1905114489", this, "Show output", "Hide output");'>Show output</a>

<a href="#Output-1905114489" onClick="toggleAllBoxes();">Show all outputs</a>
<div class='log' id="Output-1905114489">
Test has started. 
<br/>
Test has passed. 
<br/>
</div>
</td>
<td></td>
<td>12</td>
<td>automation.GeneralTest@5025a98f</td></tr>
<tr>
<td title='automation.GeneralTest.firstValidphoneTest()'><b>firstValidphoneTest</b><br>Test class: automation.GeneralTest<br/>
<a href="#Output-724525007" onClick='toggleBox("Output-724525007", this, "Show output", "Hide output");'>Show output</a>

<a href="#Output-724525007" onClick="toggleAllBoxes();">Show all outputs</a>
<div class='log' id="Output-724525007">
Test has started. 
<br/>
Test has passed. 
<br/>
</div>
</td>
<td></td>
<td>9</td>
<td>automation.GeneralTest@5025a98f</td></tr>
<tr>
<td title='automation.GeneralTest.fourthInvalidEmailTest()'><b>fourthInvalidEmailTest</b><br>Test class: automation.GeneralTest<br/>
<a href="#Output-1908505175" onClick='toggleBox("Output-1908505175", this, "Show output", "Hide output");'>Show output</a>

<a href="#Output-1908505175" onClick="toggleAllBoxes();">Show all outputs</a>
<div class='log' id="Output-1908505175">
Test has started. 
<br/>
Test has passed. 
<br/>
</div>
</td>
<td></td>
<td>9</td>
<td>automation.GeneralTest@5025a98f</td></tr>
<tr>
<td title='automation.GeneralTest.fourthValidEmailTest()'><b>fourthValidEmailTest</b><br>Test class: automation.GeneralTest<br/>
<a href="#Output-1638631856" onClick='toggleBox("Output-1638631856", this, "Show output", "Hide output");'>Show output</a>

<a href="#Output-1638631856" onClick="toggleAllBoxes();">Show all outputs</a>
<div class='log' id="Output-1638631856">
Test has started. 
<br/>
Test has passed. 
<br/>
</div>
</td>
<td></td>
<td>13</td>
<td>automation.GeneralTest@5025a98f</td></tr>
<tr>
<td title='automation.GeneralTest.gnegativeTestWithSpacesInMail()'><b>gnegativeTestWithSpacesInMail</b><br>Test class: automation.GeneralTest<br/>
<a href="#Output-1965269980" onClick='toggleBox("Output-1965269980", this, "Show output", "Hide output");'>Show output</a>

<a href="#Output-1965269980" onClick="toggleAllBoxes();">Show all outputs</a>
<div class='log' id="Output-1965269980">
Test has started. 
<br/>
Test has passed. 
<br/>
</div>
</td>
<td></td>
<td>12</td>
<td>automation.GeneralTest@5025a98f</td></tr>
<tr>
<td title='automation.GeneralTest.hnegativeTestWrongFormatInMail()'><b>hnegativeTestWrongFormatInMail</b><br>Test class: automation.GeneralTest<br/>
<a href="#Output-937860163" onClick='toggleBox("Output-937860163", this, "Show output", "Hide output");'>Show output</a>

<a href="#Output-937860163" onClick="toggleAllBoxes();">Show all outputs</a>
<div class='log' id="Output-937860163">
Test has started. 
<br/>
Test has passed. 
<br/>
</div>
</td>
<td></td>
<td>8</td>
<td>automation.GeneralTest@5025a98f</td></tr>
<tr>
<td title='automation.GeneralTest.inegativeTestAnotherWrongFormatInMail()'><b>inegativeTestAnotherWrongFormatInMail</b><br>Test class: automation.GeneralTest<br/>
<a href="#Output-1066856480" onClick='toggleBox("Output-1066856480", this, "Show output", "Hide output");'>Show output</a>

<a href="#Output-1066856480" onClick="toggleAllBoxes();">Show all outputs</a>
<div class='log' id="Output-1066856480">
Test has started. 
<br/>
Test has passed. 
<br/>
</div>
</td>
<td></td>
<td>12</td>
<td>automation.GeneralTest@5025a98f</td></tr>
<tr>
<td title='automation.GeneralTest.knegativeTestAnotherWrongFormatInMail()'><b>knegativeTestAnotherWrongFormatInMail</b><br>Test class: automation.GeneralTest<br/>
<a href="#Output-383392444" onClick='toggleBox("Output-383392444", this, "Show output", "Hide output");'>Show output</a>

<a href="#Output-383392444" onClick="toggleAllBoxes();">Show all outputs</a>
<div class='log' id="Output-383392444">
Test has started. 
<br/>
Test has passed. 
<br/>
</div>
</td>
<td></td>
<td>12</td>
<td>automation.GeneralTest@5025a98f</td></tr>
<tr>
<td title='automation.GeneralTest.lnegativeTestAnotherWrongFormatInMail()'><b>lnegativeTestAnotherWrongFormatInMail</b><br>Test class: automation.GeneralTest<br/>
<a href="#Output-21252030" onClick='toggleBox("Output-21252030", this, "Show output", "Hide output");'>Show output</a>

<a href="#Output-21252030" onClick="toggleAllBoxes();">Show all outputs</a>
<div class='log' id="Output-21252030">
Test has started. 
<br/>
Test has passed. 
<br/>
</div>
</td>
<td></td>
<td>12</td>
<td>automation.GeneralTest@5025a98f</td></tr>
<tr>
<td title='automation.GeneralTest.mnegativeTestAnotherWrongFormatInMail()'><b>mnegativeTestAnotherWrongFormatInMail</b><br>Test class: automation.GeneralTest<br/>
<a href="#Output-1762731246" onClick='toggleBox("Output-1762731246", this, "Show output", "Hide output");'>Show output</a>

<a href="#Output-1762731246" onClick="toggleAllBoxes();">Show all outputs</a>
<div class='log' id="Output-1762731246">
Test has started. 
<br/>
Test has passed. 
<br/>
</div>
</td>
<td></td>
<td>12</td>
<td>automation.GeneralTest@5025a98f</td></tr>
<tr>
<td title='automation.GeneralTest.ninethInvalidEmailTest()'><b>ninethInvalidEmailTest</b><br>Test class: automation.GeneralTest<br/>
<a href="#Output-740265405" onClick='toggleBox("Output-740265405", this, "Show output", "Hide output");'>Show output</a>

<a href="#Output-740265405" onClick="toggleAllBoxes();">Show all outputs</a>
<div class='log' id="Output-740265405">
Test has started. 
<br/>
Test has passed. 
<br/>
</div>
</td>
<td></td>
<td>12</td>
<td>automation.GeneralTest@5025a98f</td></tr>
<tr>
<td title='automation.GeneralTest.secondValidphoneTest()'><b>secondValidphoneTest</b><br>Test class: automation.GeneralTest<br/>
<a href="#Output-221692355" onClick='toggleBox("Output-221692355", this, "Show output", "Hide output");'>Show output</a>

<a href="#Output-221692355" onClick="toggleAllBoxes();">Show all outputs</a>
<div class='log' id="Output-221692355">
Test has started. 
<br/>
Test has passed. 
<br/>
</div>
</td>
<td></td>
<td>13</td>
<td>automation.GeneralTest@5025a98f</td></tr>
<tr>
<td title='automation.GeneralTest.seventhValidEmailTest()'><b>seventhValidEmailTest</b><br>Test class: automation.GeneralTest<br/>
<a href="#Output-1550899184" onClick='toggleBox("Output-1550899184", this, "Show output", "Hide output");'>Show output</a>

<a href="#Output-1550899184" onClick="toggleAllBoxes();">Show all outputs</a>
<div class='log' id="Output-1550899184">
Test has started. 
<br/>
Test has passed. 
<br/>
</div>
</td>
<td></td>
<td>9</td>
<td>automation.GeneralTest@5025a98f</td></tr>
<tr>
<td title='automation.GeneralTest.sixthValidEmailTest()'><b>sixthValidEmailTest</b><br>Test class: automation.GeneralTest<br/>
<a href="#Output-1233686868" onClick='toggleBox("Output-1233686868", this, "Show output", "Hide output");'>Show output</a>

<a href="#Output-1233686868" onClick="toggleAllBoxes();">Show all outputs</a>
<div class='log' id="Output-1233686868">
Test has started. 
<br/>
Test has passed. 
<br/>
</div>
</td>
<td></td>
<td>9</td>
<td>automation.GeneralTest@5025a98f</td></tr>
<tr>
<td title='automation.GeneralTest.tenthInvalidEmailTest()'><b>tenthInvalidEmailTest</b><br>Test class: automation.GeneralTest<br/>
<a href="#Output-198341554" onClick='toggleBox("Output-198341554", this, "Show output", "Hide output");'>Show output</a>

<a href="#Output-198341554" onClick="toggleAllBoxes();">Show all outputs</a>
<div class='log' id="Output-198341554">
Test has started. 
<br/>
Test has passed. 
<br/>
</div>
</td>
<td></td>
<td>8</td>
<td>automation.GeneralTest@5025a98f</td></tr>
<tr>
<td title='automation.GeneralTest.tenthValidEmailTest()'><b>tenthValidEmailTest</b><br>Test class: automation.GeneralTest<br/>
<a href="#Output-482805927" onClick='toggleBox("Output-482805927", this, "Show output", "Hide output");'>Show output</a>

<a href="#Output-482805927" onClick="toggleAllBoxes();">Show all outputs</a>
<div class='log' id="Output-482805927">
Test has started. 
<br/>
Test has passed. 
<br/>
</div>
</td>
<td></td>
<td>9</td>
<td>automation.GeneralTest@5025a98f</td></tr>
<tr>
<td title='automation.GeneralTest.thirdInvalidEmailTest()'><b>thirdInvalidEmailTest</b><br>Test class: automation.GeneralTest<br/>
<a href="#Output-1742498632" onClick='toggleBox("Output-1742498632", this, "Show output", "Hide output");'>Show output</a>

<a href="#Output-1742498632" onClick="toggleAllBoxes();">Show all outputs</a>
<div class='log' id="Output-1742498632">
Test has started. 
<br/>
Test has passed. 
<br/>
</div>
</td>
<td></td>
<td>12</td>
<td>automation.GeneralTest@5025a98f</td></tr>
<tr>
<td title='automation.GeneralTest.thirdValidEmailTest()'><b>thirdValidEmailTest</b><br>Test class: automation.GeneralTest<br/>
<a href="#Output-107577149" onClick='toggleBox("Output-107577149", this, "Show output", "Hide output");'>Show output</a>

<a href="#Output-107577149" onClick="toggleAllBoxes();">Show all outputs</a>
<div class='log' id="Output-107577149">
Test has started. 
<br/>
Test has passed. 
<br/>
</div>
</td>
<td></td>
<td>9</td>
<td>automation.GeneralTest@5025a98f</td></tr>
<tr>
<td title='automation.GeneralTest.thirdValidphoneTest()'><b>thirdValidphoneTest</b><br>Test class: automation.GeneralTest<br/>
<a href="#Output-526221269" onClick='toggleBox("Output-526221269", this, "Show output", "Hide output");'>Show output</a>

<a href="#Output-526221269" onClick="toggleAllBoxes();">Show all outputs</a>
<div class='log' id="Output-526221269">
Test has started. 
<br/>
Test has passed. 
<br/>
</div>
</td>
<td></td>
<td>13</td>
<td>automation.GeneralTest@5025a98f</td></tr>
<tr>
<td title='automation.GeneralTest.thirteenthInvalidEmailTest()'><b>thirteenthInvalidEmailTest</b><br>Test class: automation.GeneralTest<br/>
<a href="#Output-515244925" onClick='toggleBox("Output-515244925", this, "Show output", "Hide output");'>Show output</a>

<a href="#Output-515244925" onClick="toggleAllBoxes();">Show all outputs</a>
<div class='log' id="Output-515244925">
Test has started. 
<br/>
Test has passed. 
<br/>
</div>
</td>
<td></td>
<td>8</td>
<td>automation.GeneralTest@5025a98f</td></tr>
<tr>
<td title='automation.GeneralTest.thirteenthValidEmailTest()'><b>thirteenthValidEmailTest</b><br>Test class: automation.GeneralTest<br/>
<a href="#Output-842988286" onClick='toggleBox("Output-842988286", this, "Show output", "Hide output");'>Show output</a>

<a href="#Output-842988286" onClick="toggleAllBoxes();">Show all outputs</a>
<div class='log' id="Output-842988286">
Test has started. 
<br/>
Test has passed. 
<br/>
</div>
</td>
<td></td>
<td>9</td>
<td>automation.GeneralTest@5025a98f</td></tr>
<tr>
<td title='automation.GeneralTest.twelwethValidEmailTest()'><b>twelwethValidEmailTest</b><br>Test class: automation.GeneralTest<br/>
<a href="#Output-320043061" onClick='toggleBox("Output-320043061", this, "Show output", "Hide output");'>Show output</a>

<a href="#Output-320043061" onClick="toggleAllBoxes();">Show all outputs</a>
<div class='log' id="Output-320043061">
Test has started. 
<br/>
Test has passed. 
<br/>
</div>
</td>
<td></td>
<td>13</td>
<td>automation.GeneralTest@5025a98f</td></tr>
</table><p>
</body>
</html>