<!DOCTYPE html PUBLIC "-//W3C//DTD XHTML 1.1//EN" "http://www.w3.org/TR/xhtml11/DTD/xhtml11.dtd">
<html xmlns="http://www.w3.org/1999/xhtml"><head><title>TestNG Report</title><style type="text/css">table {margin-bottom:10px;border-collapse:collapse;empty-cells:show}th,td {border:1px solid #009;padding:.25em .5em}th {vertical-align:bottom}td {vertical-align:top}table a {font-weight:bold}.stripe td {background-color: #E6EBF9}.num {text-align:right}.passedodd td {background-color: #3F3}.passedeven td {background-color: #0A0}.skippedodd td {background-color: #DDD}.skippedeven td {background-color: #CCC}.failedodd td,.attn {background-color: #F33}.failedeven td,.stripe .attn {background-color: #D00}.stacktrace {white-space:pre;font-family:monospace}.totop {font-size:85%;text-align:center;border-bottom:2px solid #000}</style></head><body><table><tr><th>Test</th><th># Passed</th><th># Skipped</th><th># Failed</th><th>Time (ms)</th><th>Included Groups</th><th>Excluded Groups</th></tr><tr><th colspan="7">Default suite</th></tr><tr><td><a href="#t0">Default test</a></td><td class="num">32</td><td class="num">0</td><td class="num attn">12</td><td class="num">495.241</td><td></td><td></td></tr></table><table id='summary'><thead><tr><th>Class</th><th>Method</th><th>Start</th><th>Time (ms)</th></tr></thead><tbody><tr><th colspan="4">Default suite</th></tr></tbody><tbody id="t0"><tr><th colspan="4">Default test &#8212; failed</th></tr><tr class="failedeven"><td rowspan="12">automation.GeneralTest</td><td><a href="#m0">eighthInvalidEmailTest</a></td><td rowspan="1">1642714310976</td><td rowspan="1">9782</td></tr><tr class="failedeven"><td><a href="#m1">enegativeTestWithSpacesInName</a></td><td rowspan="1">1642714352384</td><td rowspan="1">9423</td></tr><tr class="failedeven"><td><a href="#m2">firstInvalidphoneTest</a></td><td rowspan="1">1642714396127</td><td rowspan="1">9546</td></tr><tr class="failedeven"><td><a href="#m3">fnegativeTestWithSpacesInAddress</a></td><td rowspan="1">1642714428043</td><td rowspan="1">9261</td></tr><tr class="failedeven"><td><a href="#m4">ninethValidEmailTest</a></td><td rowspan="1">1642714543446</td><td rowspan="1">12251</td></tr><tr class="failedeven"><td><a href="#m5">secondInvalidEmailTest</a></td><td rowspan="1">1642714555706</td><td rowspan="1">9708</td></tr><tr class="failedeven"><td><a href="#m6">secondInvalidphoneTest</a></td><td rowspan="1">1642714565417</td><td rowspan="1">10653</td></tr><tr class="failedeven"><td><a href="#m7">secondValidEmailTest</a></td><td rowspan="1">1642714576072</td><td rowspan="1">12239</td></tr><tr class="failedeven"><td><a href="#m8">seventhInvalidEmailTest</a></td><td rowspan="1">1642714601741</td><td rowspan="1">12685</td></tr><tr class="failedeven"><td><a href="#m9">sixthInvalidEmailTest</a></td><td rowspan="1">1642714624198</td><td rowspan="1">13258</td></tr><tr class="failedeven"><td><a href="#m10">thirdInalidphoneTest</a></td><td rowspan="1">1642714665294</td><td rowspan="1">9666</td></tr><tr class="failedeven"><td><a href="#m11">twelwethInvalidEmailTest</a></td><td rowspan="1">1642714727909</td><td rowspan="1">9062</td></tr><tr><th colspan="4">Default test &#8212; passed</th></tr><tr class="passedeven"><td rowspan="32">automation.GeneralTest</td><td><a href="#m12">apositiveTest</a></td><td rowspan="1">1642714255196</td><td rowspan="1">21995</td></tr><tr class="passedeven"><td><a href="#m13">bpositiveTestSecond</a></td><td rowspan="1">1642714277213</td><td rowspan="1">13064</td></tr><tr class="passedeven"><td><a href="#m14">cnegativeTestFirst</a></td><td rowspan="1">1642714290287</td><td rowspan="1">12346</td></tr><tr class="passedeven"><td><a href="#m15">dnegativeTestSecond</a></td><td rowspan="1">1642714302640</td><td rowspan="1">8328</td></tr><tr class="passedeven"><td><a href="#m16">eighthValidEmailTest</a></td><td rowspan="1">1642714320774</td><td rowspan="1">9309</td></tr><tr class="passedeven"><td><a href="#m17">eleventhInvalidEmailTest</a></td><td rowspan="1">1642714330085</td><td rowspan="1">12645</td></tr><tr class="passedeven"><td><a href="#m18">eleventhValidEmailTest</a></td><td rowspan="1">1642714342738</td><td rowspan="1">9643</td></tr><tr class="passedeven"><td><a href="#m19">fifthInvalidEmailTest</a></td><td rowspan="1">1642714361816</td><td rowspan="1">8562</td></tr><tr class="passedeven"><td><a href="#m20">fifthValidEmailTest</a></td><td rowspan="1">1642714370381</td><td rowspan="1">13482</td></tr><tr class="passedeven"><td><a href="#m21">firstInvalidEmailTest</a></td><td rowspan="1">1642714383865</td><td rowspan="1">12257</td></tr><tr class="passedeven"><td><a href="#m22">firstValidEmailTest</a></td><td rowspan="1">1642714405683</td><td rowspan="1">12968</td></tr><tr class="passedeven"><td><a href="#m23">firstValidphoneTest</a></td><td rowspan="1">1642714418660</td><td rowspan="1">9380</td></tr><tr class="passedeven"><td><a href="#m24">fourthInvalidEmailTest</a></td><td rowspan="1">1642714437306</td><td rowspan="1">9073</td></tr><tr class="passedeven"><td><a href="#m25">fourthValidEmailTest</a></td><td rowspan="1">1642714446381</td><td rowspan="1">13313</td></tr><tr class="passedeven"><td><a href="#m26">gnegativeTestWithSpacesInMail</a></td><td rowspan="1">1642714459702</td><td rowspan="1">12197</td></tr><tr class="passedeven"><td><a href="#m27">hnegativeTestWrongFormatInMail</a></td><td rowspan="1">1642714471901</td><td rowspan="1">8798</td></tr><tr class="passedeven"><td><a href="#m28">inegativeTestAnotherWrongFormatInMail</a></td><td rowspan="1">1642714480701</td><td rowspan="1">12836</td></tr><tr class="passedeven"><td><a href="#m29">knegativeTestAnotherWrongFormatInMail</a></td><td rowspan="1">1642714493541</td><td rowspan="1">12504</td></tr><tr class="passedeven"><td><a href="#m30">lnegativeTestAnotherWrongFormatInMail</a></td><td rowspan="1">1642714506054</td><td rowspan="1">12349</td></tr><tr class="passedeven"><td><a href="#m31">mnegativeTestAnotherWrongFormatInMail</a></td><td rowspan="1">1642714518409</td><td rowspan="1">12202</td></tr><tr class="passedeven"><td><a href="#m32">ninethInvalidEmailTest</a></td><td rowspan="1">1642714530619</td><td rowspan="1">12823</td></tr><tr class="passedeven"><td><a href="#m33">secondValidphoneTest</a></td><td rowspan="1">1642714588314</td><td rowspan="1">13423</td></tr><tr class="passedeven"><td><a href="#m34">seventhValidEmailTest</a></td><td rowspan="1">1642714614432</td><td rowspan="1">9760</td></tr><tr class="passedeven"><td><a href="#m35">sixthValidEmailTest</a></td><td rowspan="1">1642714637462</td><td rowspan="1">9904</td></tr><tr class="passedeven"><td><a href="#m36">tenthInvalidEmailTest</a></td><td rowspan="1">1642714647369</td><td rowspan="1">8767</td></tr><tr class="passedeven"><td><a href="#m37">tenthValidEmailTest</a></td><td rowspan="1">1642714656138</td><td rowspan="1">9154</td></tr><tr class="passedeven"><td><a href="#m38">thirdInvalidEmailTest</a></td><td rowspan="1">1642714674962</td><td rowspan="1">12391</td></tr><tr class="passedeven"><td><a href="#m39">thirdValidEmailTest</a></td><td rowspan="1">1642714687371</td><td rowspan="1">9259</td></tr><tr class="passedeven"><td><a href="#m40">thirdValidphoneTest</a></td><td rowspan="1">1642714696632</td><td rowspan="1">13770</td></tr><tr class="passedeven"><td><a href="#m41">thirteenthInvalidEmailTest</a></td><td rowspan="1">1642714710409</td><td rowspan="1">8295</td></tr><tr class="passedeven"><td><a href="#m42">thirteenthValidEmailTest</a></td><td rowspan="1">1642714718712</td><td rowspan="1">9195</td></tr><tr class="passedeven"><td><a href="#m43">twelwethValidEmailTest</a></td><td rowspan="1">1642714736975</td><td rowspan="1">13343</td></tr></tbody></table><h2>Default test</h2><h3 id="m0">automation.GeneralTest#eighthInvalidEmailTest</h3><table class="result"><tr><th>Messages</th></tr><tr><td><div class="messages">Test has started. 
<br/>Test is failed. The form was submitted, but it shouldn't be submitted Email:&lt;email@domain.com&gt;<br/>Test has failed.
</div></td></tr><tr><th>Exception</th></tr><tr><td><div class="stacktrace">java.lang.AssertionError: Test is failed. The form was submitted, but it shouldn&apos;t be submitted. Email:&lt;email@domain.com&gt;
	at org.testng.Assert.fail(Assert.java:93)
	at automation.GeneralTest.assertAndLogForInvalidInput(GeneralTest.java:622)
	at automation.GeneralTest.eighthInvalidEmailTest(GeneralTest.java:501)
	at sun.reflect.NativeMethodAccessorImpl.invoke0(Native Method)
	at sun.reflect.NativeMethodAccessorImpl.invoke(NativeMethodAccessorImpl.java:62)
	at sun.reflect.DelegatingMethodAccessorImpl.invoke(DelegatingMethodAccessorImpl.java:43)
	at java.lang.reflect.Method.invoke(Method.java:498)
	at org.testng.internal.MethodInvocationHelper.invokeMethod(MethodInvocationHelper.java:108)
	at org.testng.internal.Invoker.invokeMethod(Invoker.java:661)
	at org.testng.internal.Invoker.invokeTestMethod(Invoker.java:869)
	at org.testng.internal.Invoker.invokeTestMethods(Invoker.java:1193)
	at org.testng.internal.TestMethodWorker.invokeTestMethods(TestMethodWorker.java:126)
	at org.testng.internal.TestMethodWorker.run(TestMethodWorker.java:109)
	at org.testng.TestRunner.privateRun(TestRunner.java:744)
	at org.testng.TestRunner.run(TestRunner.java:602)
	at org.testng.SuiteRunner.runTest(SuiteRunner.java:380)
	at org.testng.SuiteRunner.runSequentially(SuiteRunner.java:375)
	at org.testng.SuiteRunner.privateRun(SuiteRunner.java:340)
	at org.testng.SuiteRunner.run(SuiteRunner.java:289)
	at org.testng.SuiteRunnerWorker.runSuite(SuiteRunnerWorker.java:52)
	at org.testng.SuiteRunnerWorker.run(SuiteRunnerWorker.java:86)
	at org.testng.TestNG.runSuitesSequentially(TestNG.java:1301)
	at org.testng.TestNG.runSuitesLocally(TestNG.java:1226)
	at org.testng.TestNG.runSuites(TestNG.java:1144)
	at org.testng.TestNG.run(TestNG.java:1115)
	at org.testng.remote.AbstractRemoteTestNG.run(AbstractRemoteTestNG.java:132)
	at org.testng.remote.RemoteTestNG.initAndRun(RemoteTestNG.java:230)
	at org.testng.remote.RemoteTestNG.main(RemoteTestNG.java:76)
</div></td></tr></table><p class="totop"><a href="#summary">back to summary</a></p><h3 id="m1">automation.GeneralTest#enegativeTestWithSpacesInName</h3><table class="result"><tr><th>Messages</th></tr><tr><td><div class="messages">Test has started. 
<br/>Test is failed. The form was submitted, but it shouldn't be submitted Name only contains spaces<br/>Test has failed.
</div></td></tr><tr><th>Exception</th></tr><tr><td><div class="stacktrace">java.lang.AssertionError: Test is failed. The form was submitted, but it shouldn&apos;t be submitted. Name only contains spaces
	at org.testng.Assert.fail(Assert.java:93)
	at automation.GeneralTest.assertAndLogForInvalidInput(GeneralTest.java:622)
	at automation.GeneralTest.enegativeTestWithSpacesInName(GeneralTest.java:223)
	at sun.reflect.NativeMethodAccessorImpl.invoke0(Native Method)
	at sun.reflect.NativeMethodAccessorImpl.invoke(NativeMethodAccessorImpl.java:62)
	at sun.reflect.DelegatingMethodAccessorImpl.invoke(DelegatingMethodAccessorImpl.java:43)
	at java.lang.reflect.Method.invoke(Method.java:498)
	at org.testng.internal.MethodInvocationHelper.invokeMethod(MethodInvocationHelper.java:108)
	at org.testng.internal.Invoker.invokeMethod(Invoker.java:661)
	at org.testng.internal.Invoker.invokeTestMethod(Invoker.java:869)
	at org.testng.internal.Invoker.invokeTestMethods(Invoker.java:1193)
	at org.testng.internal.TestMethodWorker.invokeTestMethods(TestMethodWorker.java:126)
	at org.testng.internal.TestMethodWorker.run(TestMethodWorker.java:109)
	at org.testng.TestRunner.privateRun(TestRunner.java:744)
	at org.testng.TestRunner.run(TestRunner.java:602)
	at org.testng.SuiteRunner.runTest(SuiteRunner.java:380)
	at org.testng.SuiteRunner.runSequentially(SuiteRunner.java:375)
	at org.testng.SuiteRunner.privateRun(SuiteRunner.java:340)
	at org.testng.SuiteRunner.run(SuiteRunner.java:289)
	at org.testng.SuiteRunnerWorker.runSuite(SuiteRunnerWorker.java:52)
	at org.testng.SuiteRunnerWorker.run(SuiteRunnerWorker.java:86)
	at org.testng.TestNG.runSuitesSequentially(TestNG.java:1301)
	at org.testng.TestNG.runSuitesLocally(TestNG.java:1226)
	at org.testng.TestNG.runSuites(TestNG.java:1144)
	at org.testng.TestNG.run(TestNG.java:1115)
	at org.testng.remote.AbstractRemoteTestNG.run(AbstractRemoteTestNG.java:132)
	at org.testng.remote.RemoteTestNG.initAndRun(RemoteTestNG.java:230)
	at org.testng.remote.RemoteTestNG.main(RemoteTestNG.java:76)
</div></td></tr></table><p class="totop"><a href="#summary">back to summary</a></p><h3 id="m2">automation.GeneralTest#firstInvalidphoneTest</h3><table class="result"><tr><th>Messages</th></tr><tr><td><div class="messages">Test has started. 
<br/>Test is failed. The form was submitted, but it shouldn't be submitted Phone:+905552+133<br/>Test has failed.
</div></td></tr><tr><th>Exception</th></tr><tr><td><div class="stacktrace">java.lang.AssertionError: Test is failed. The form was submitted, but it shouldn&apos;t be submitted. Phone:+905552+133
	at org.testng.Assert.fail(Assert.java:93)
	at automation.GeneralTest.assertAndLogForInvalidInput(GeneralTest.java:622)
	at automation.GeneralTest.firstInvalidphoneTest(GeneralTest.java:956)
	at sun.reflect.NativeMethodAccessorImpl.invoke0(Native Method)
	at sun.reflect.NativeMethodAccessorImpl.invoke(NativeMethodAccessorImpl.java:62)
	at sun.reflect.DelegatingMethodAccessorImpl.invoke(DelegatingMethodAccessorImpl.java:43)
	at java.lang.reflect.Method.invoke(Method.java:498)
	at org.testng.internal.MethodInvocationHelper.invokeMethod(MethodInvocationHelper.java:108)
	at org.testng.internal.Invoker.invokeMethod(Invoker.java:661)
	at org.testng.internal.Invoker.invokeTestMethod(Invoker.java:869)
	at org.testng.internal.Invoker.invokeTestMethods(Invoker.java:1193)
	at org.testng.internal.TestMethodWorker.invokeTestMethods(TestMethodWorker.java:126)
	at org.testng.internal.TestMethodWorker.run(TestMethodWorker.java:109)
	at org.testng.TestRunner.privateRun(TestRunner.java:744)
	at org.testng.TestRunner.run(TestRunner.java:602)
	at org.testng.SuiteRunner.runTest(SuiteRunner.java:380)
	at org.testng.SuiteRunner.runSequentially(SuiteRunner.java:375)
	at org.testng.SuiteRunner.privateRun(SuiteRunner.java:340)
	at org.testng.SuiteRunner.run(SuiteRunner.java:289)
	at org.testng.SuiteRunnerWorker.runSuite(SuiteRunnerWorker.java:52)
	at org.testng.SuiteRunnerWorker.run(SuiteRunnerWorker.java:86)
	at org.testng.TestNG.runSuitesSequentially(TestNG.java:1301)
	at org.testng.TestNG.runSuitesLocally(TestNG.java:1226)
	at org.testng.TestNG.runSuites(TestNG.java:1144)
	at org.testng.TestNG.run(TestNG.java:1115)
	at org.testng.remote.AbstractRemoteTestNG.run(AbstractRemoteTestNG.java:132)
	at org.testng.remote.RemoteTestNG.initAndRun(RemoteTestNG.java:230)
	at org.testng.remote.RemoteTestNG.main(RemoteTestNG.java:76)
</div></td></tr></table><p class="totop"><a href="#summary">back to summary</a></p><h3 id="m3">automation.GeneralTest#fnegativeTestWithSpacesInAddress</h3><table class="result"><tr><th>Messages</th></tr><tr><td><div class="messages">Test has started. 
<br/>Test is failed. The form was submitted, but it shouldn't be submitted Address only contains spaces<br/>Test has failed.
</div></td></tr><tr><th>Exception</th></tr><tr><td><div class="stacktrace">java.lang.AssertionError: Test is failed. The form was submitted, but it shouldn&apos;t be submitted. Address only contains spaces
	at org.testng.Assert.fail(Assert.java:93)
	at automation.GeneralTest.assertAndLogForInvalidInput(GeneralTest.java:622)
	at automation.GeneralTest.fnegativeTestWithSpacesInAddress(GeneralTest.java:241)
	at sun.reflect.NativeMethodAccessorImpl.invoke0(Native Method)
	at sun.reflect.NativeMethodAccessorImpl.invoke(NativeMethodAccessorImpl.java:62)
	at sun.reflect.DelegatingMethodAccessorImpl.invoke(DelegatingMethodAccessorImpl.java:43)
	at java.lang.reflect.Method.invoke(Method.java:498)
	at org.testng.internal.MethodInvocationHelper.invokeMethod(MethodInvocationHelper.java:108)
	at org.testng.internal.Invoker.invokeMethod(Invoker.java:661)
	at org.testng.internal.Invoker.invokeTestMethod(Invoker.java:869)
	at org.testng.internal.Invoker.invokeTestMethods(Invoker.java:1193)
	at org.testng.internal.TestMethodWorker.invokeTestMethods(TestMethodWorker.java:126)
	at org.testng.internal.TestMethodWorker.run(TestMethodWorker.java:109)
	at org.testng.TestRunner.privateRun(TestRunner.java:744)
	at org.testng.TestRunner.run(TestRunner.java:602)
	at org.testng.SuiteRunner.runTest(SuiteRunner.java:380)
	at org.testng.SuiteRunner.runSequentially(SuiteRunner.java:375)
	at org.testng.SuiteRunner.privateRun(SuiteRunner.java:340)
	at org.testng.SuiteRunner.run(SuiteRunner.java:289)
	at org.testng.SuiteRunnerWorker.runSuite(SuiteRunnerWorker.java:52)
	at org.testng.SuiteRunnerWorker.run(SuiteRunnerWorker.java:86)
	at org.testng.TestNG.runSuitesSequentially(TestNG.java:1301)
	at org.testng.TestNG.runSuitesLocally(TestNG.java:1226)
	at org.testng.TestNG.runSuites(TestNG.java:1144)
	at org.testng.TestNG.run(TestNG.java:1115)
	at org.testng.remote.AbstractRemoteTestNG.run(AbstractRemoteTestNG.java:132)
	at org.testng.remote.RemoteTestNG.initAndRun(RemoteTestNG.java:230)
	at org.testng.remote.RemoteTestNG.main(RemoteTestNG.java:76)
</div></td></tr></table><p class="totop"><a href="#summary">back to summary</a></p><h3 id="m4">automation.GeneralTest#ninethValidEmailTest</h3><table class="result"><tr><th>Messages</th></tr><tr><td><div class="messages">Test has started. 
<br/>Test is failed. The form wasn't submitted, but it should be submitted Email:email@[123.123.123.123]<br/>Test has failed.
</div></td></tr><tr><th>Exception</th></tr><tr><td><div class="stacktrace">java.lang.AssertionError: Test is failed. The form wasn&apos;t submitted, but it should be submitted. Email:email@[123.123.123.123]
	at org.testng.Assert.fail(Assert.java:93)
	at automation.GeneralTest.assertAndLog(GeneralTest.java:607)
	at automation.GeneralTest.ninethValidEmailTest(GeneralTest.java:796)
	at sun.reflect.NativeMethodAccessorImpl.invoke0(Native Method)
	at sun.reflect.NativeMethodAccessorImpl.invoke(NativeMethodAccessorImpl.java:62)
	at sun.reflect.DelegatingMethodAccessorImpl.invoke(DelegatingMethodAccessorImpl.java:43)
	at java.lang.reflect.Method.invoke(Method.java:498)
	at org.testng.internal.MethodInvocationHelper.invokeMethod(MethodInvocationHelper.java:108)
	at org.testng.internal.Invoker.invokeMethod(Invoker.java:661)
	at org.testng.internal.Invoker.invokeTestMethod(Invoker.java:869)
	at org.testng.internal.Invoker.invokeTestMethods(Invoker.java:1193)
	at org.testng.internal.TestMethodWorker.invokeTestMethods(TestMethodWorker.java:126)
	at org.testng.internal.TestMethodWorker.run(TestMethodWorker.java:109)
	at org.testng.TestRunner.privateRun(TestRunner.java:744)
	at org.testng.TestRunner.run(TestRunner.java:602)
	at org.testng.SuiteRunner.runTest(SuiteRunner.java:380)
	at org.testng.SuiteRunner.runSequentially(SuiteRunner.java:375)
	at org.testng.SuiteRunner.privateRun(SuiteRunner.java:340)
	at org.testng.SuiteRunner.run(SuiteRunner.java:289)
	at org.testng.SuiteRunnerWorker.runSuite(SuiteRunnerWorker.java:52)
	at org.testng.SuiteRunnerWorker.run(SuiteRunnerWorker.java:86)
	at org.testng.TestNG.runSuitesSequentially(TestNG.java:1301)
	at org.testng.TestNG.runSuitesLocally(TestNG.java:1226)
	at org.testng.TestNG.runSuites(TestNG.java:1144)
	at org.testng.TestNG.run(TestNG.java:1115)
	at org.testng.remote.AbstractRemoteTestNG.run(AbstractRemoteTestNG.java:132)
	at org.testng.remote.RemoteTestNG.initAndRun(RemoteTestNG.java:230)
	at org.testng.remote.RemoteTestNG.main(RemoteTestNG.java:76)
</div></td></tr></table><p class="totop"><a href="#summary">back to summary</a></p><h3 id="m5">automation.GeneralTest#secondInvalidEmailTest</h3><table class="result"><tr><th>Messages</th></tr><tr><td><div class="messages">Test has started. 
<br/>Test is failed. The form was submitted, but it shouldn't be submitted Email:.email@domain.com<br/>Test has failed.
</div></td></tr><tr><th>Exception</th></tr><tr><td><div class="stacktrace">java.lang.AssertionError: Test is failed. The form was submitted, but it shouldn&apos;t be submitted. Email:.email@domain.com
	at org.testng.Assert.fail(Assert.java:93)
	at automation.GeneralTest.assertAndLogForInvalidInput(GeneralTest.java:622)
	at automation.GeneralTest.secondInvalidEmailTest(GeneralTest.java:387)
	at sun.reflect.NativeMethodAccessorImpl.invoke0(Native Method)
	at sun.reflect.NativeMethodAccessorImpl.invoke(NativeMethodAccessorImpl.java:62)
	at sun.reflect.DelegatingMethodAccessorImpl.invoke(DelegatingMethodAccessorImpl.java:43)
	at java.lang.reflect.Method.invoke(Method.java:498)
	at org.testng.internal.MethodInvocationHelper.invokeMethod(MethodInvocationHelper.java:108)
	at org.testng.internal.Invoker.invokeMethod(Invoker.java:661)
	at org.testng.internal.Invoker.invokeTestMethod(Invoker.java:869)
	at org.testng.internal.Invoker.invokeTestMethods(Invoker.java:1193)
	at org.testng.internal.TestMethodWorker.invokeTestMethods(TestMethodWorker.java:126)
	at org.testng.internal.TestMethodWorker.run(TestMethodWorker.java:109)
	at org.testng.TestRunner.privateRun(TestRunner.java:744)
	at org.testng.TestRunner.run(TestRunner.java:602)
	at org.testng.SuiteRunner.runTest(SuiteRunner.java:380)
	at org.testng.SuiteRunner.runSequentially(SuiteRunner.java:375)
	at org.testng.SuiteRunner.privateRun(SuiteRunner.java:340)
	at org.testng.SuiteRunner.run(SuiteRunner.java:289)
	at org.testng.SuiteRunnerWorker.runSuite(SuiteRunnerWorker.java:52)
	at org.testng.SuiteRunnerWorker.run(SuiteRunnerWorker.java:86)
	at org.testng.TestNG.runSuitesSequentially(TestNG.java:1301)
	at org.testng.TestNG.runSuitesLocally(TestNG.java:1226)
	at org.testng.TestNG.runSuites(TestNG.java:1144)
	at org.testng.TestNG.run(TestNG.java:1115)
	at org.testng.remote.AbstractRemoteTestNG.run(AbstractRemoteTestNG.java:132)
	at org.testng.remote.RemoteTestNG.initAndRun(RemoteTestNG.java:230)
	at org.testng.remote.RemoteTestNG.main(RemoteTestNG.java:76)
</div></td></tr></table><p class="totop"><a href="#summary">back to summary</a></p><h3 id="m6">automation.GeneralTest#secondInvalidphoneTest</h3><table class="result"><tr><th>Messages</th></tr><tr><td><div class="messages">Test has started. 
<br/>Test is failed. The form was submitted, but it shouldn't be submitted Phone:055Letter511223365<br/>Test has failed.
</div></td></tr><tr><th>Exception</th></tr><tr><td><div class="stacktrace">java.lang.AssertionError: Test is failed. The form was submitted, but it shouldn&apos;t be submitted. Phone:055Letter511223365
	at org.testng.Assert.fail(Assert.java:93)
	at automation.GeneralTest.assertAndLogForInvalidInput(GeneralTest.java:622)
	at automation.GeneralTest.secondInvalidphoneTest(GeneralTest.java:977)
	at sun.reflect.NativeMethodAccessorImpl.invoke0(Native Method)
	at sun.reflect.NativeMethodAccessorImpl.invoke(NativeMethodAccessorImpl.java:62)
	at sun.reflect.DelegatingMethodAccessorImpl.invoke(DelegatingMethodAccessorImpl.java:43)
	at java.lang.reflect.Method.invoke(Method.java:498)
	at org.testng.internal.MethodInvocationHelper.invokeMethod(MethodInvocationHelper.java:108)
	at org.testng.internal.Invoker.invokeMethod(Invoker.java:661)
	at org.testng.internal.Invoker.invokeTestMethod(Invoker.java:869)
	at org.testng.internal.Invoker.invokeTestMethods(Invoker.java:1193)
	at org.testng.internal.TestMethodWorker.invokeTestMethods(TestMethodWorker.java:126)
	at org.testng.internal.TestMethodWorker.run(TestMethodWorker.java:109)
	at org.testng.TestRunner.privateRun(TestRunner.java:744)
	at org.testng.TestRunner.run(TestRunner.java:602)
	at org.testng.SuiteRunner.runTest(SuiteRunner.java:380)
	at org.testng.SuiteRunner.runSequentially(SuiteRunner.java:375)
	at org.testng.SuiteRunner.privateRun(SuiteRunner.java:340)
	at org.testng.SuiteRunner.run(SuiteRunner.java:289)
	at org.testng.SuiteRunnerWorker.runSuite(SuiteRunnerWorker.java:52)
	at org.testng.SuiteRunnerWorker.run(SuiteRunnerWorker.java:86)
	at org.testng.TestNG.runSuitesSequentially(TestNG.java:1301)
	at org.testng.TestNG.runSuitesLocally(TestNG.java:1226)
	at org.testng.TestNG.runSuites(TestNG.java:1144)
	at org.testng.TestNG.run(TestNG.java:1115)
	at org.testng.remote.AbstractRemoteTestNG.run(AbstractRemoteTestNG.java:132)
	at org.testng.remote.RemoteTestNG.initAndRun(RemoteTestNG.java:230)
	at org.testng.remote.RemoteTestNG.main(RemoteTestNG.java:76)
</div></td></tr></table><p class="totop"><a href="#summary">back to summary</a></p><h3 id="m7">automation.GeneralTest#secondValidEmailTest</h3><table class="result"><tr><th>Messages</th></tr><tr><td><div class="messages">Test has started. 
<br/>Test is failed. The form wasn't submitted, but it should be submitted Email:"email"@domain.com<br/>Test has failed.
</div></td></tr><tr><th>Exception</th></tr><tr><td><div class="stacktrace">java.lang.AssertionError: Test is failed. The form wasn&apos;t submitted, but it should be submitted. Email:&quot;email&quot;@domain.com
	at org.testng.Assert.fail(Assert.java:93)
	at automation.GeneralTest.assertAndLog(GeneralTest.java:607)
	at automation.GeneralTest.secondValidEmailTest(GeneralTest.java:663)
	at sun.reflect.NativeMethodAccessorImpl.invoke0(Native Method)
	at sun.reflect.NativeMethodAccessorImpl.invoke(NativeMethodAccessorImpl.java:62)
	at sun.reflect.DelegatingMethodAccessorImpl.invoke(DelegatingMethodAccessorImpl.java:43)
	at java.lang.reflect.Method.invoke(Method.java:498)
	at org.testng.internal.MethodInvocationHelper.invokeMethod(MethodInvocationHelper.java:108)
	at org.testng.internal.Invoker.invokeMethod(Invoker.java:661)
	at org.testng.internal.Invoker.invokeTestMethod(Invoker.java:869)
	at org.testng.internal.Invoker.invokeTestMethods(Invoker.java:1193)
	at org.testng.internal.TestMethodWorker.invokeTestMethods(TestMethodWorker.java:126)
	at org.testng.internal.TestMethodWorker.run(TestMethodWorker.java:109)
	at org.testng.TestRunner.privateRun(TestRunner.java:744)
	at org.testng.TestRunner.run(TestRunner.java:602)
	at org.testng.SuiteRunner.runTest(SuiteRunner.java:380)
	at org.testng.SuiteRunner.runSequentially(SuiteRunner.java:375)
	at org.testng.SuiteRunner.privateRun(SuiteRunner.java:340)
	at org.testng.SuiteRunner.run(SuiteRunner.java:289)
	at org.testng.SuiteRunnerWorker.runSuite(SuiteRunnerWorker.java:52)
	at org.testng.SuiteRunnerWorker.run(SuiteRunnerWorker.java:86)
	at org.testng.TestNG.runSuitesSequentially(TestNG.java:1301)
	at org.testng.TestNG.runSuitesLocally(TestNG.java:1226)
	at org.testng.TestNG.runSuites(TestNG.java:1144)
	at org.testng.TestNG.run(TestNG.java:1115)
	at org.testng.remote.AbstractRemoteTestNG.run(AbstractRemoteTestNG.java:132)
	at org.testng.remote.RemoteTestNG.initAndRun(RemoteTestNG.java:230)
	at org.testng.remote.RemoteTestNG.main(RemoteTestNG.java:76)
</div></td></tr></table><p class="totop"><a href="#summary">back to summary</a></p><h3 id="m8">automation.GeneralTest#seventhInvalidEmailTest</h3><table class="result"><tr><th>Messages</th></tr><tr><td><div class="messages">Test has started. 
<br/>Test is failed. The form was submitted, but it shouldn't be submitted Email:email.@domain.com<br/>Test has failed.
</div></td></tr><tr><th>Exception</th></tr><tr><td><div class="stacktrace">java.lang.AssertionError: Test is failed. The form was submitted, but it shouldn&apos;t be submitted. Email:email.@domain.com
	at org.testng.Assert.fail(Assert.java:93)
	at automation.GeneralTest.assertAndLogForInvalidInput(GeneralTest.java:622)
	at automation.GeneralTest.seventhInvalidEmailTest(GeneralTest.java:482)
	at sun.reflect.NativeMethodAccessorImpl.invoke0(Native Method)
	at sun.reflect.NativeMethodAccessorImpl.invoke(NativeMethodAccessorImpl.java:62)
	at sun.reflect.DelegatingMethodAccessorImpl.invoke(DelegatingMethodAccessorImpl.java:43)
	at java.lang.reflect.Method.invoke(Method.java:498)
	at org.testng.internal.MethodInvocationHelper.invokeMethod(MethodInvocationHelper.java:108)
	at org.testng.internal.Invoker.invokeMethod(Invoker.java:661)
	at org.testng.internal.Invoker.invokeTestMethod(Invoker.java:869)
	at org.testng.internal.Invoker.invokeTestMethods(Invoker.java:1193)
	at org.testng.internal.TestMethodWorker.invokeTestMethods(TestMethodWorker.java:126)
	at org.testng.internal.TestMethodWorker.run(TestMethodWorker.java:109)
	at org.testng.TestRunner.privateRun(TestRunner.java:744)
	at org.testng.TestRunner.run(TestRunner.java:602)
	at org.testng.SuiteRunner.runTest(SuiteRunner.java:380)
	at org.testng.SuiteRunner.runSequentially(SuiteRunner.java:375)
	at org.testng.SuiteRunner.privateRun(SuiteRunner.java:340)
	at org.testng.SuiteRunner.run(SuiteRunner.java:289)
	at org.testng.SuiteRunnerWorker.runSuite(SuiteRunnerWorker.java:52)
	at org.testng.SuiteRunnerWorker.run(SuiteRunnerWorker.java:86)
	at org.testng.TestNG.runSuitesSequentially(TestNG.java:1301)
	at org.testng.TestNG.runSuitesLocally(TestNG.java:1226)
	at org.testng.TestNG.runSuites(TestNG.java:1144)
	at org.testng.TestNG.run(TestNG.java:1115)
	at org.testng.remote.AbstractRemoteTestNG.run(AbstractRemoteTestNG.java:132)
	at org.testng.remote.RemoteTestNG.initAndRun(RemoteTestNG.java:230)
	at org.testng.remote.RemoteTestNG.main(RemoteTestNG.java:76)
</div></td></tr></table><p class="totop"><a href="#summary">back to summary</a></p><h3 id="m9">automation.GeneralTest#sixthInvalidEmailTest</h3><table class="result"><tr><th>Messages</th></tr><tr><td><div class="messages">Test has started. 
<br/>Test is failed. The form was submitted, but it shouldn't be submitted Email:email..email@domain.com<br/>Test has failed.
</div></td></tr><tr><th>Exception</th></tr><tr><td><div class="stacktrace">java.lang.AssertionError: Test is failed. The form was submitted, but it shouldn&apos;t be submitted. Email:email..email@domain.com
	at org.testng.Assert.fail(Assert.java:93)
	at automation.GeneralTest.assertAndLogForInvalidInput(GeneralTest.java:622)
	at automation.GeneralTest.sixthInvalidEmailTest(GeneralTest.java:463)
	at sun.reflect.NativeMethodAccessorImpl.invoke0(Native Method)
	at sun.reflect.NativeMethodAccessorImpl.invoke(NativeMethodAccessorImpl.java:62)
	at sun.reflect.DelegatingMethodAccessorImpl.invoke(DelegatingMethodAccessorImpl.java:43)
	at java.lang.reflect.Method.invoke(Method.java:498)
	at org.testng.internal.MethodInvocationHelper.invokeMethod(MethodInvocationHelper.java:108)
	at org.testng.internal.Invoker.invokeMethod(Invoker.java:661)
	at org.testng.internal.Invoker.invokeTestMethod(Invoker.java:869)
	at org.testng.internal.Invoker.invokeTestMethods(Invoker.java:1193)
	at org.testng.internal.TestMethodWorker.invokeTestMethods(TestMethodWorker.java:126)
	at org.testng.internal.TestMethodWorker.run(TestMethodWorker.java:109)
	at org.testng.TestRunner.privateRun(TestRunner.java:744)
	at org.testng.TestRunner.run(TestRunner.java:602)
	at org.testng.SuiteRunner.runTest(SuiteRunner.java:380)
	at org.testng.SuiteRunner.runSequentially(SuiteRunner.java:375)
	at org.testng.SuiteRunner.privateRun(SuiteRunner.java:340)
	at org.testng.SuiteRunner.run(SuiteRunner.java:289)
	at org.testng.SuiteRunnerWorker.runSuite(SuiteRunnerWorker.java:52)
	at org.testng.SuiteRunnerWorker.run(SuiteRunnerWorker.java:86)
	at org.testng.TestNG.runSuitesSequentially(TestNG.java:1301)
	at org.testng.TestNG.runSuitesLocally(TestNG.java:1226)
	at org.testng.TestNG.runSuites(TestNG.java:1144)
	at org.testng.TestNG.run(TestNG.java:1115)
	at org.testng.remote.AbstractRemoteTestNG.run(AbstractRemoteTestNG.java:132)
	at org.testng.remote.RemoteTestNG.initAndRun(RemoteTestNG.java:230)
	at org.testng.remote.RemoteTestNG.main(RemoteTestNG.java:76)
</div></td></tr></table><p class="totop"><a href="#summary">back to summary</a></p><h3 id="m10">automation.GeneralTest#thirdInalidphoneTest</h3><table class="result"><tr><th>Messages</th></tr><tr><td><div class="messages">Test has started. 
<br/>Test is failed. The form was submitted, but it shouldn't be submitted Phone:Letter009055004455<br/>Test has failed.
</div></td></tr><tr><th>Exception</th></tr><tr><td><div class="stacktrace">java.lang.AssertionError: Test is failed. The form was submitted, but it shouldn&apos;t be submitted. Phone:Letter009055004455
	at org.testng.Assert.fail(Assert.java:93)
	at automation.GeneralTest.assertAndLogForInvalidInput(GeneralTest.java:622)
	at automation.GeneralTest.thirdInalidphoneTest(GeneralTest.java:998)
	at sun.reflect.NativeMethodAccessorImpl.invoke0(Native Method)
	at sun.reflect.NativeMethodAccessorImpl.invoke(NativeMethodAccessorImpl.java:62)
	at sun.reflect.DelegatingMethodAccessorImpl.invoke(DelegatingMethodAccessorImpl.java:43)
	at java.lang.reflect.Method.invoke(Method.java:498)
	at org.testng.internal.MethodInvocationHelper.invokeMethod(MethodInvocationHelper.java:108)
	at org.testng.internal.Invoker.invokeMethod(Invoker.java:661)
	at org.testng.internal.Invoker.invokeTestMethod(Invoker.java:869)
	at org.testng.internal.Invoker.invokeTestMethods(Invoker.java:1193)
	at org.testng.internal.TestMethodWorker.invokeTestMethods(TestMethodWorker.java:126)
	at org.testng.internal.TestMethodWorker.run(TestMethodWorker.java:109)
	at org.testng.TestRunner.privateRun(TestRunner.java:744)
	at org.testng.TestRunner.run(TestRunner.java:602)
	at org.testng.SuiteRunner.runTest(SuiteRunner.java:380)
	at org.testng.SuiteRunner.runSequentially(SuiteRunner.java:375)
	at org.testng.SuiteRunner.privateRun(SuiteRunner.java:340)
	at org.testng.SuiteRunner.run(SuiteRunner.java:289)
	at org.testng.SuiteRunnerWorker.runSuite(SuiteRunnerWorker.java:52)
	at org.testng.SuiteRunnerWorker.run(SuiteRunnerWorker.java:86)
	at org.testng.TestNG.runSuitesSequentially(TestNG.java:1301)
	at org.testng.TestNG.runSuitesLocally(TestNG.java:1226)
	at org.testng.TestNG.runSuites(TestNG.java:1144)
	at org.testng.TestNG.run(TestNG.java:1115)
	at org.testng.remote.AbstractRemoteTestNG.run(AbstractRemoteTestNG.java:132)
	at org.testng.remote.RemoteTestNG.initAndRun(RemoteTestNG.java:230)
	at org.testng.remote.RemoteTestNG.main(RemoteTestNG.java:76)
</div></td></tr></table><p class="totop"><a href="#summary">back to summary</a></p><h3 id="m11">automation.GeneralTest#twelwethInvalidEmailTest</h3><table class="result"><tr><th>Messages</th></tr><tr><td><div class="messages">Test has started. 
<br/>Test is failed. The form was submitted, but it shouldn't be submitted Email:email@-domain.com<br/>Test has failed.
</div></td></tr><tr><th>Exception</th></tr><tr><td><div class="stacktrace">java.lang.AssertionError: Test is failed. The form was submitted, but it shouldn&apos;t be submitted. Email:email@-domain.com
	at org.testng.Assert.fail(Assert.java:93)
	at automation.GeneralTest.assertAndLogForInvalidInput(GeneralTest.java:622)
	at automation.GeneralTest.twelwethInvalidEmailTest(GeneralTest.java:577)
	at sun.reflect.NativeMethodAccessorImpl.invoke0(Native Method)
	at sun.reflect.NativeMethodAccessorImpl.invoke(NativeMethodAccessorImpl.java:62)
	at sun.reflect.DelegatingMethodAccessorImpl.invoke(DelegatingMethodAccessorImpl.java:43)
	at java.lang.reflect.Method.invoke(Method.java:498)
	at org.testng.internal.MethodInvocationHelper.invokeMethod(MethodInvocationHelper.java:108)
	at org.testng.internal.Invoker.invokeMethod(Invoker.java:661)
	at org.testng.internal.Invoker.invokeTestMethod(Invoker.java:869)
	at org.testng.internal.Invoker.invokeTestMethods(Invoker.java:1193)
	at org.testng.internal.TestMethodWorker.invokeTestMethods(TestMethodWorker.java:126)
	at org.testng.internal.TestMethodWorker.run(TestMethodWorker.java:109)
	at org.testng.TestRunner.privateRun(TestRunner.java:744)
	at org.testng.TestRunner.run(TestRunner.java:602)
	at org.testng.SuiteRunner.runTest(SuiteRunner.java:380)
	at org.testng.SuiteRunner.runSequentially(SuiteRunner.java:375)
	at org.testng.SuiteRunner.privateRun(SuiteRunner.java:340)
	at org.testng.SuiteRunner.run(SuiteRunner.java:289)
	at org.testng.SuiteRunnerWorker.runSuite(SuiteRunnerWorker.java:52)
	at org.testng.SuiteRunnerWorker.run(SuiteRunnerWorker.java:86)
	at org.testng.TestNG.runSuitesSequentially(TestNG.java:1301)
	at org.testng.TestNG.runSuitesLocally(TestNG.java:1226)
	at org.testng.TestNG.runSuites(TestNG.java:1144)
	at org.testng.TestNG.run(TestNG.java:1115)
	at org.testng.remote.AbstractRemoteTestNG.run(AbstractRemoteTestNG.java:132)
	at org.testng.remote.RemoteTestNG.initAndRun(RemoteTestNG.java:230)
	at org.testng.remote.RemoteTestNG.main(RemoteTestNG.java:76)
</div></td></tr></table><p class="totop"><a href="#summary">back to summary</a></p><h3 id="m12">automation.GeneralTest#apositiveTest</h3><table class="result"><tr><th>Messages</th></tr><tr><td><div class="messages">Test has started. 
<br/>Test has passed. 
</div></td></tr></table><p class="totop"><a href="#summary">back to summary</a></p><h3 id="m13">automation.GeneralTest#bpositiveTestSecond</h3><table class="result"><tr><th>Messages</th></tr><tr><td><div class="messages">Test has started. 
<br/>Test has passed. 
</div></td></tr></table><p class="totop"><a href="#summary">back to summary</a></p><h3 id="m14">automation.GeneralTest#cnegativeTestFirst</h3><table class="result"><tr><th>Messages</th></tr><tr><td><div class="messages">Test has started. 
<br/>Test has passed. 
</div></td></tr></table><p class="totop"><a href="#summary">back to summary</a></p><h3 id="m15">automation.GeneralTest#dnegativeTestSecond</h3><table class="result"><tr><th>Messages</th></tr><tr><td><div class="messages">Test has started. 
<br/>Test has passed. 
</div></td></tr></table><p class="totop"><a href="#summary">back to summary</a></p><h3 id="m16">automation.GeneralTest#eighthValidEmailTest</h3><table class="result"><tr><th>Messages</th></tr><tr><td><div class="messages">Test has started. 
<br/>Test has passed. 
</div></td></tr></table><p class="totop"><a href="#summary">back to summary</a></p><h3 id="m17">automation.GeneralTest#eleventhInvalidEmailTest</h3><table class="result"><tr><th>Messages</th></tr><tr><td><div class="messages">Test has started. 
<br/>Test has passed. 
</div></td></tr></table><p class="totop"><a href="#summary">back to summary</a></p><h3 id="m18">automation.GeneralTest#eleventhValidEmailTest</h3><table class="result"><tr><th>Messages</th></tr><tr><td><div class="messages">Test has started. 
<br/>Test has passed. 
</div></td></tr></table><p class="totop"><a href="#summary">back to summary</a></p><h3 id="m19">automation.GeneralTest#fifthInvalidEmailTest</h3><table class="result"><tr><th>Messages</th></tr><tr><td><div class="messages">Test has started. 
<br/>Test has passed. 
</div></td></tr></table><p class="totop"><a href="#summary">back to summary</a></p><h3 id="m20">automation.GeneralTest#fifthValidEmailTest</h3><table class="result"><tr><th>Messages</th></tr><tr><td><div class="messages">Test has started. 
<br/>Test has passed. 
</div></td></tr></table><p class="totop"><a href="#summary">back to summary</a></p><h3 id="m21">automation.GeneralTest#firstInvalidEmailTest</h3><table class="result"><tr><th>Messages</th></tr><tr><td><div class="messages">Test has started. 
<br/>Test has passed. 
</div></td></tr></table><p class="totop"><a href="#summary">back to summary</a></p><h3 id="m22">automation.GeneralTest#firstValidEmailTest</h3><table class="result"><tr><th>Messages</th></tr><tr><td><div class="messages">Test has started. 
<br/>Test has passed. 
</div></td></tr></table><p class="totop"><a href="#summary">back to summary</a></p><h3 id="m23">automation.GeneralTest#firstValidphoneTest</h3><table class="result"><tr><th>Messages</th></tr><tr><td><div class="messages">Test has started. 
<br/>Test has passed. 
</div></td></tr></table><p class="totop"><a href="#summary">back to summary</a></p><h3 id="m24">automation.GeneralTest#fourthInvalidEmailTest</h3><table class="result"><tr><th>Messages</th></tr><tr><td><div class="messages">Test has started. 
<br/>Test has passed. 
</div></td></tr></table><p class="totop"><a href="#summary">back to summary</a></p><h3 id="m25">automation.GeneralTest#fourthValidEmailTest</h3><table class="result"><tr><th>Messages</th></tr><tr><td><div class="messages">Test has started. 
<br/>Test has passed. 
</div></td></tr></table><p class="totop"><a href="#summary">back to summary</a></p><h3 id="m26">automation.GeneralTest#gnegativeTestWithSpacesInMail</h3><table class="result"><tr><th>Messages</th></tr><tr><td><div class="messages">Test has started. 
<br/>Test has passed. 
</div></td></tr></table><p class="totop"><a href="#summary">back to summary</a></p><h3 id="m27">automation.GeneralTest#hnegativeTestWrongFormatInMail</h3><table class="result"><tr><th>Messages</th></tr><tr><td><div class="messages">Test has started. 
<br/>Test has passed. 
</div></td></tr></table><p class="totop"><a href="#summary">back to summary</a></p><h3 id="m28">automation.GeneralTest#inegativeTestAnotherWrongFormatInMail</h3><table class="result"><tr><th>Messages</th></tr><tr><td><div class="messages">Test has started. 
<br/>Test has passed. 
</div></td></tr></table><p class="totop"><a href="#summary">back to summary</a></p><h3 id="m29">automation.GeneralTest#knegativeTestAnotherWrongFormatInMail</h3><table class="result"><tr><th>Messages</th></tr><tr><td><div class="messages">Test has started. 
<br/>Test has passed. 
</div></td></tr></table><p class="totop"><a href="#summary">back to summary</a></p><h3 id="m30">automation.GeneralTest#lnegativeTestAnotherWrongFormatInMail</h3><table class="result"><tr><th>Messages</th></tr><tr><td><div class="messages">Test has started. 
<br/>Test has passed. 
</div></td></tr></table><p class="totop"><a href="#summary">back to summary</a></p><h3 id="m31">automation.GeneralTest#mnegativeTestAnotherWrongFormatInMail</h3><table class="result"><tr><th>Messages</th></tr><tr><td><div class="messages">Test has started. 
<br/>Test has passed. 
</div></td></tr></table><p class="totop"><a href="#summary">back to summary</a></p><h3 id="m32">automation.GeneralTest#ninethInvalidEmailTest</h3><table class="result"><tr><th>Messages</th></tr><tr><td><div class="messages">Test has started. 
<br/>Test has passed. 
</div></td></tr></table><p class="totop"><a href="#summary">back to summary</a></p><h3 id="m33">automation.GeneralTest#secondValidphoneTest</h3><table class="result"><tr><th>Messages</th></tr><tr><td><div class="messages">Test has started. 
<br/>Test has passed. 
</div></td></tr></table><p class="totop"><a href="#summary">back to summary</a></p><h3 id="m34">automation.GeneralTest#seventhValidEmailTest</h3><table class="result"><tr><th>Messages</th></tr><tr><td><div class="messages">Test has started. 
<br/>Test has passed. 
</div></td></tr></table><p class="totop"><a href="#summary">back to summary</a></p><h3 id="m35">automation.GeneralTest#sixthValidEmailTest</h3><table class="result"><tr><th>Messages</th></tr><tr><td><div class="messages">Test has started. 
<br/>Test has passed. 
</div></td></tr></table><p class="totop"><a href="#summary">back to summary</a></p><h3 id="m36">automation.GeneralTest#tenthInvalidEmailTest</h3><table class="result"><tr><th>Messages</th></tr><tr><td><div class="messages">Test has started. 
<br/>Test has passed. 
</div></td></tr></table><p class="totop"><a href="#summary">back to summary</a></p><h3 id="m37">automation.GeneralTest#tenthValidEmailTest</h3><table class="result"><tr><th>Messages</th></tr><tr><td><div class="messages">Test has started. 
<br/>Test has passed. 
</div></td></tr></table><p class="totop"><a href="#summary">back to summary</a></p><h3 id="m38">automation.GeneralTest#thirdInvalidEmailTest</h3><table class="result"><tr><th>Messages</th></tr><tr><td><div class="messages">Test has started. 
<br/>Test has passed. 
</div></td></tr></table><p class="totop"><a href="#summary">back to summary</a></p><h3 id="m39">automation.GeneralTest#thirdValidEmailTest</h3><table class="result"><tr><th>Messages</th></tr><tr><td><div class="messages">Test has started. 
<br/>Test has passed. 
</div></td></tr></table><p class="totop"><a href="#summary">back to summary</a></p><h3 id="m40">automation.GeneralTest#thirdValidphoneTest</h3><table class="result"><tr><th>Messages</th></tr><tr><td><div class="messages">Test has started. 
<br/>Test has passed. 
</div></td></tr></table><p class="totop"><a href="#summary">back to summary</a></p><h3 id="m41">automation.GeneralTest#thirteenthInvalidEmailTest</h3><table class="result"><tr><th>Messages</th></tr><tr><td><div class="messages">Test has started. 
<br/>Test has passed. 
</div></td></tr></table><p class="totop"><a href="#summary">back to summary</a></p><h3 id="m42">automation.GeneralTest#thirteenthValidEmailTest</h3><table class="result"><tr><th>Messages</th></tr><tr><td><div class="messages">Test has started. 
<br/>Test has passed. 
</div></td></tr></table><p class="totop"><a href="#summary">back to summary</a></p><h3 id="m43">automation.GeneralTest#twelwethValidEmailTest</h3><table class="result"><tr><th>Messages</th></tr><tr><td><div class="messages">Test has started. 
<br/>Test has passed. 
</div></td></tr></table><p class="totop"><a href="#summary">back to summary</a></p></body></html>